# JRE version: Java(TM) SE Runtime Environment (8.0_121-b13) (build 1.8.0_121-b13)
# Java VM: Java HotSpot(TM) 64-Bit Server VM (25.121-b13 mixed mode windows-amd64 compressed oops)
Heap:
 PSYoungGen      total 222208K, used 155074K [0x00000000eaf80000, 0x00000000fad00000, 0x0000000100000000)
  eden space 195072K, 67% used [0x00000000eaf80000,0x00000000f2f29220,0x00000000f6e00000)
  from space 27136K, 89% used [0x00000000f8b80000,0x00000000fa347820,0x00000000fa600000)
  to   space 30208K, 0% used [0x00000000f6e00000,0x00000000f6e00000,0x00000000f8b80000)
 ParOldGen       total 87552K, used 45946K [0x00000000c0e00000, 0x00000000c6380000, 0x00000000eaf80000)
  object space 87552K, 52% used [0x00000000c0e00000,0x00000000c3adeaf8,0x00000000c6380000)
 Metaspace       used 36719K, capacity 37348K, committed 37760K, reserved 1083392K
  class space    used 4393K, capacity 4620K, committed 4736K, reserved 1048576K
GC Heap History (10 events):
Event: 7.842 GC heap before
{Heap before GC invocations=10 (full 1):
 PSYoungGen      total 139776K, used 130560K [0x00000000eaf80000, 0x00000000f4280000, 0x0000000100000000)
  eden space 130560K, 100% used [0x00000000eaf80000,0x00000000f2f00000,0x00000000f2f00000)
  from space 9216K, 0% used [0x00000000f3880000,0x00000000f3880000,0x00000000f4180000)
  to   space 9728K, 0% used [0x00000000f2f00000,0x00000000f2f00000,0x00000000f3880000)
 ParOldGen       total 43008K, used 13862K [0x00000000c0e00000, 0x00000000c3800000, 0x00000000eaf80000)
  object space 43008K, 32% used [0x00000000c0e00000,0x00000000c1b89990,0x00000000c3800000)
 Metaspace       used 23484K, capacity 23976K, committed 24192K, reserved 1071104K
  class space    used 2748K, capacity 2901K, committed 2944K, reserved 1048576K
Event: 7.871 GC heap after
Heap after GC invocations=10 (full 1):
 PSYoungGen      total 140288K, used 9707K [0x00000000eaf80000, 0x00000000f7200000, 0x0000000100000000)
  eden space 130560K, 0% used [0x00000000eaf80000,0x00000000eaf80000,0x00000000f2f00000)
  from space 9728K, 99% used [0x00000000f2f00000,0x00000000f387ae68,0x00000000f3880000)
  to   space 15360K, 0% used [0x00000000f6300000,0x00000000f6300000,0x00000000f7200000)
 ParOldGen       total 43008K, used 24817K [0x00000000c0e00000, 0x00000000c3800000, 0x00000000eaf80000)
  object space 43008K, 57% used [0x00000000c0e00000,0x00000000c263c470,0x00000000c3800000)
 Metaspace       used 23484K, capacity 23976K, committed 24192K, reserved 1071104K
  class space    used 2748K, capacity 2901K, committed 2944K, reserved 1048576K
}
Event: 8.618 GC heap before
{Heap before GC invocations=11 (full 1):
 PSYoungGen      total 140288K, used 140267K [0x00000000eaf80000, 0x00000000f7200000, 0x0000000100000000)
  eden space 130560K, 100% used [0x00000000eaf80000,0x00000000f2f00000,0x00000000f2f00000)
  from space 9728K, 99% used [0x00000000f2f00000,0x00000000f387ae68,0x00000000f3880000)
  to   space 15360K, 0% used [0x00000000f6300000,0x00000000f6300000,0x00000000f7200000)
 ParOldGen       total 43008K, used 24817K [0x00000000c0e00000, 0x00000000c3800000, 0x00000000eaf80000)
  object space 43008K, 57% used [0x00000000c0e00000,0x00000000c263c470,0x00000000c3800000)
 Metaspace       used 23487K, capacity 23976K, committed 24192K, reserved 1071104K
  class space    used 2748K, capacity 2901K, committed 2944K, reserved 1048576K
Event: 8.687 GC heap after
Heap after GC invocations=11 (full 1):
 PSYoungGen      total 177664K, used 15340K [0x00000000eaf80000, 0x00000000f8700000, 0x0000000100000000)
  eden space 162304K, 0% used [0x00000000eaf80000,0x00000000eaf80000,0x00000000f4e00000)
  from space 15360K, 99% used [0x00000000f6300000,0x00000000f71fb2f0,0x00000000f7200000)
  to   space 21504K, 0% used [0x00000000f4e00000,0x00000000f4e00000,0x00000000f6300000)
 ParOldGen       total 43008K, used 35827K [0x00000000c0e00000, 0x00000000c3800000, 0x00000000eaf80000)
  object space 43008K, 83% used [0x00000000c0e00000,0x00000000c30fcd50,0x00000000c3800000)
 Metaspace       used 23487K, capacity 23976K, committed 24192K, reserved 1071104K
  class space    used 2748K, capacity 2901K, committed 2944K, reserved 1048576K
}
Event: 8.687 GC heap before
{Heap before GC invocations=12 (full 2):
 PSYoungGen      total 177664K, used 15340K [0x00000000eaf80000, 0x00000000f8700000, 0x0000000100000000)
  eden space 162304K, 0% used [0x00000000eaf80000,0x00000000eaf80000,0x00000000f4e00000)
  from space 15360K, 99% used [0x00000000f6300000,0x00000000f71fb2f0,0x00000000f7200000)
  to   space 21504K, 0% used [0x00000000f4e00000,0x00000000f4e00000,0x00000000f6300000)
 ParOldGen       total 43008K, used 35827K [0x00000000c0e00000, 0x00000000c3800000, 0x00000000eaf80000)
  object space 43008K, 83% used [0x00000000c0e00000,0x00000000c30fcd50,0x00000000c3800000)
 Metaspace       used 23487K, capacity 23976K, committed 24192K, reserved 1071104K
  class space    used 2748K, capacity 2901K, committed 2944K, reserved 1048576K
Event: 9.059 GC heap after
Heap after GC invocations=12 (full 2):
 PSYoungGen      total 177664K, used 0K [0x00000000eaf80000, 0x00000000f8700000, 0x0000000100000000)
  eden space 162304K, 0% used [0x00000000eaf80000,0x00000000eaf80000,0x00000000f4e00000)
  from space 15360K, 0% used [0x00000000f6300000,0x00000000f6300000,0x00000000f7200000)
  to   space 21504K, 0% used [0x00000000f4e00000,0x00000000f4e00000,0x00000000f6300000)
 ParOldGen       total 87552K, used 36870K [0x00000000c0e00000, 0x00000000c6380000, 0x00000000eaf80000)
  object space 87552K, 42% used [0x00000000c0e00000,0x00000000c3201a18,0x00000000c6380000)
 Metaspace       used 23487K, capacity 23976K, committed 24192K, reserved 1071104K
  class space    used 2748K, capacity 2901K, committed 2944K, reserved 1048576K
}
Event: 10.311 GC heap before
{Heap before GC invocations=13 (full 2):
 PSYoungGen      total 177664K, used 162304K [0x00000000eaf80000, 0x00000000f8700000, 0x0000000100000000)
  eden space 162304K, 100% used [0x00000000eaf80000,0x00000000f4e00000,0x00000000f4e00000)
  from space 15360K, 0% used [0x00000000f6300000,0x00000000f6300000,0x00000000f7200000)
  to   space 21504K, 0% used [0x00000000f4e00000,0x00000000f4e00000,0x00000000f6300000)
 ParOldGen       total 87552K, used 36870K [0x00000000c0e00000, 0x00000000c6380000, 0x00000000eaf80000)
  object space 87552K, 42% used [0x00000000c0e00000,0x00000000c3201a18,0x00000000c6380000)
 Metaspace       used 23507K, capacity 23986K, committed 24192K, reserved 1071104K
  class space    used 2750K, capacity 2903K, committed 2944K, reserved 1048576K
Event: 10.365 GC heap after
Heap after GC invocations=13 (full 2):
 PSYoungGen      total 183808K, used 21472K [0x00000000eaf80000, 0x00000000fa600000, 0x0000000100000000)
  eden space 162304K, 0% used [0x00000000eaf80000,0x00000000eaf80000,0x00000000f4e00000)
  from space 21504K, 99% used [0x00000000f4e00000,0x00000000f62f8268,0x00000000f6300000)
  to   space 27136K, 0% used [0x00000000f8b80000,0x00000000f8b80000,0x00000000fa600000)
 ParOldGen       total 87552K, used 42449K [0x00000000c0e00000, 0x00000000c6380000, 0x00000000eaf80000)
  object space 87552K, 48% used [0x00000000c0e00000,0x00000000c3774410,0x00000000c6380000)
 Metaspace       used 23507K, capacity 23986K, committed 24192K, reserved 1071104K
  class space    used 2750K, capacity 2903K, committed 2944K, reserved 1048576K
}
Event: 11.483 GC heap before
{Heap before GC invocations=14 (full 2):
 PSYoungGen      total 183808K, used 183776K [0x00000000eaf80000, 0x00000000fa600000, 0x0000000100000000)
  eden space 162304K, 100% used [0x00000000eaf80000,0x00000000f4e00000,0x00000000f4e00000)
  from space 21504K, 99% used [0x00000000f4e00000,0x00000000f62f8268,0x00000000f6300000)
  to   space 27136K, 0% used [0x00000000f8b80000,0x00000000f8b80000,0x00000000fa600000)
 ParOldGen       total 87552K, used 42449K [0x00000000c0e00000, 0x00000000c6380000, 0x00000000eaf80000)
  object space 87552K, 48% used [0x00000000c0e00000,0x00000000c3774410,0x00000000c6380000)
 Metaspace       used 23562K, capacity 24082K, committed 24192K, reserved 1071104K
  class space    used 2756K, capacity 2935K, committed 2944K, reserved 1048576K
Event: 11.538 GC heap after
Heap after GC invocations=14 (full 2):
 PSYoungGen      total 222208K, used 24350K [0x00000000eaf80000, 0x00000000fad00000, 0x0000000100000000)
  eden space 195072K, 0% used [0x00000000eaf80000,0x00000000eaf80000,0x00000000f6e00000)
  from space 27136K, 89% used [0x00000000f8b80000,0x00000000fa347820,0x00000000fa600000)
  to   space 30208K, 0% used [0x00000000f6e00000,0x00000000f6e00000,0x00000000f8b80000)
 ParOldGen       total 87552K, used 45946K [0x00000000c0e00000, 0x00000000c6380000, 0x00000000eaf80000)
  object space 87552K, 52% used [0x00000000c0e00000,0x00000000c3adeaf8,0x00000000c6380000)
 Metaspace       used 23562K, capacity 24082K, committed 24192K, reserved 1071104K
  class space    used 2756K, capacity 2935K, committed 2944K, reserved 1048576K
}

