# JRE version: Java(TM) SE Runtime Environment (8.0_121-b13) (build 1.8.0_121-b13)
# Java VM: Java HotSpot(TM) 64-Bit Server VM (25.121-b13 mixed mode windows-amd64 compressed oops)
Heap:
 PSYoungGen      total 190464K, used 64408K [0x00000000eaf80000, 0x00000000f9280000, 0x0000000100000000)
  eden space 174592K, 27% used [0x00000000eaf80000,0x00000000edee9680,0x00000000f5a00000)
  from space 15872K, 99% used [0x00000000f6f80000,0x00000000f7efcca0,0x00000000f7f00000)
  to   space 22016K, 0% used [0x00000000f5a00000,0x00000000f5a00000,0x00000000f6f80000)
 ParOldGen       total 82432K, used 55699K [0x00000000c0e00000, 0x00000000c5e80000, 0x00000000eaf80000)
  object space 82432K, 67% used [0x00000000c0e00000,0x00000000c4464ea0,0x00000000c5e80000)
 Metaspace       used 31522K, capacity 32108K, committed 32384K, reserved 1077248K
  class space    used 3755K, capacity 3944K, committed 3968K, reserved 1048576K
GC Heap History (10 events):
Event: 18.092 GC heap before
{Heap before GC invocations=10 (full 1):
 PSYoungGen      total 139776K, used 130560K [0x00000000eaf80000, 0x00000000f4280000, 0x0000000100000000)
  eden space 130560K, 100% used [0x00000000eaf80000,0x00000000f2f00000,0x00000000f2f00000)
  from space 9216K, 0% used [0x00000000f3880000,0x00000000f3880000,0x00000000f4180000)
  to   space 9728K, 0% used [0x00000000f2f00000,0x00000000f2f00000,0x00000000f3880000)
 ParOldGen       total 39936K, used 12779K [0x00000000c0e00000, 0x00000000c3500000, 0x00000000eaf80000)
  object space 39936K, 31% used [0x00000000c0e00000,0x00000000c1a7ac10,0x00000000c3500000)
 Metaspace       used 23458K, capacity 23912K, committed 24192K, reserved 1071104K
  class space    used 2750K, capacity 2901K, committed 2944K, reserved 1048576K
Event: 18.113 GC heap after
Heap after GC invocations=10 (full 1):
 PSYoungGen      total 140288K, used 9716K [0x00000000eaf80000, 0x00000000f7f00000, 0x0000000100000000)
  eden space 130560K, 0% used [0x00000000eaf80000,0x00000000eaf80000,0x00000000f2f00000)
  from space 9728K, 99% used [0x00000000f2f00000,0x00000000f387d380,0x00000000f3880000)
  to   space 15872K, 0% used [0x00000000f6f80000,0x00000000f6f80000,0x00000000f7f00000)
 ParOldGen       total 39936K, used 24473K [0x00000000c0e00000, 0x00000000c3500000, 0x00000000eaf80000)
  object space 39936K, 61% used [0x00000000c0e00000,0x00000000c25e66d8,0x00000000c3500000)
 Metaspace       used 23458K, capacity 23912K, committed 24192K, reserved 1071104K
  class space    used 2750K, capacity 2901K, committed 2944K, reserved 1048576K
}
Event: 19.081 GC heap before
{Heap before GC invocations=11 (full 1):
 PSYoungGen      total 140288K, used 140276K [0x00000000eaf80000, 0x00000000f7f00000, 0x0000000100000000)
  eden space 130560K, 100% used [0x00000000eaf80000,0x00000000f2f00000,0x00000000f2f00000)
  from space 9728K, 99% used [0x00000000f2f00000,0x00000000f387d380,0x00000000f3880000)
  to   space 15872K, 0% used [0x00000000f6f80000,0x00000000f6f80000,0x00000000f7f00000)
 ParOldGen       total 39936K, used 24473K [0x00000000c0e00000, 0x00000000c3500000, 0x00000000eaf80000)
  object space 39936K, 61% used [0x00000000c0e00000,0x00000000c25e66d8,0x00000000c3500000)
 Metaspace       used 23460K, capacity 23912K, committed 24192K, reserved 1071104K
  class space    used 2750K, capacity 2901K, committed 2944K, reserved 1048576K
Event: 19.123 GC heap after
Heap after GC invocations=11 (full 1):
 PSYoungGen      total 190464K, used 15844K [0x00000000eaf80000, 0x00000000f9280000, 0x0000000100000000)
  eden space 174592K, 0% used [0x00000000eaf80000,0x00000000eaf80000,0x00000000f5a00000)
  from space 15872K, 99% used [0x00000000f6f80000,0x00000000f7ef93a0,0x00000000f7f00000)
  to   space 22016K, 0% used [0x00000000f5a00000,0x00000000f5a00000,0x00000000f6f80000)
 ParOldGen       total 39936K, used 34799K [0x00000000c0e00000, 0x00000000c3500000, 0x00000000eaf80000)
  object space 39936K, 87% used [0x00000000c0e00000,0x00000000c2ffbd80,0x00000000c3500000)
 Metaspace       used 23460K, capacity 23912K, committed 24192K, reserved 1071104K
  class space    used 2750K, capacity 2901K, committed 2944K, reserved 1048576K
}
Event: 19.123 GC heap before
{Heap before GC invocations=12 (full 2):
 PSYoungGen      total 190464K, used 15844K [0x00000000eaf80000, 0x00000000f9280000, 0x0000000100000000)
  eden space 174592K, 0% used [0x00000000eaf80000,0x00000000eaf80000,0x00000000f5a00000)
  from space 15872K, 99% used [0x00000000f6f80000,0x00000000f7ef93a0,0x00000000f7f00000)
  to   space 22016K, 0% used [0x00000000f5a00000,0x00000000f5a00000,0x00000000f6f80000)
 ParOldGen       total 39936K, used 34799K [0x00000000c0e00000, 0x00000000c3500000, 0x00000000eaf80000)
  object space 39936K, 87% used [0x00000000c0e00000,0x00000000c2ffbd80,0x00000000c3500000)
 Metaspace       used 23460K, capacity 23912K, committed 24192K, reserved 1071104K
  class space    used 2750K, capacity 2901K, committed 2944K, reserved 1048576K
Event: 19.277 GC heap after
Heap after GC invocations=12 (full 2):
 PSYoungGen      total 190464K, used 0K [0x00000000eaf80000, 0x00000000f9280000, 0x0000000100000000)
  eden space 174592K, 0% used [0x00000000eaf80000,0x00000000eaf80000,0x00000000f5a00000)
  from space 15872K, 0% used [0x00000000f6f80000,0x00000000f6f80000,0x00000000f7f00000)
  to   space 22016K, 0% used [0x00000000f5a00000,0x00000000f5a00000,0x00000000f6f80000)
 ParOldGen       total 82432K, used 36915K [0x00000000c0e00000, 0x00000000c5e80000, 0x00000000eaf80000)
  object space 82432K, 44% used [0x00000000c0e00000,0x00000000c320ce40,0x00000000c5e80000)
 Metaspace       used 23460K, capacity 23912K, committed 24192K, reserved 1071104K
  class space    used 2750K, capacity 2901K, committed 2944K, reserved 1048576K
}
Event: 20.868 GC heap before
{Heap before GC invocations=13 (full 2):
 PSYoungGen      total 190464K, used 174592K [0x00000000eaf80000, 0x00000000f9280000, 0x0000000100000000)
  eden space 174592K, 100% used [0x00000000eaf80000,0x00000000f5a00000,0x00000000f5a00000)
  from space 15872K, 0% used [0x00000000f6f80000,0x00000000f6f80000,0x00000000f7f00000)
  to   space 22016K, 0% used [0x00000000f5a00000,0x00000000f5a00000,0x00000000f6f80000)
 ParOldGen       total 82432K, used 36915K [0x00000000c0e00000, 0x00000000c5e80000, 0x00000000eaf80000)
  object space 82432K, 44% used [0x00000000c0e00000,0x00000000c320ce40,0x00000000c5e80000)
 Metaspace       used 23491K, capacity 23986K, committed 24192K, reserved 1071104K
  class space    used 2754K, capacity 2903K, committed 2944K, reserved 1048576K
Event: 20.922 GC heap after
Heap after GC invocations=13 (full 2):
 PSYoungGen      total 196608K, used 21990K [0x00000000eaf80000, 0x00000000f9280000, 0x0000000100000000)
  eden space 174592K, 0% used [0x00000000eaf80000,0x00000000eaf80000,0x00000000f5a00000)
  from space 22016K, 99% used [0x00000000f5a00000,0x00000000f6f79908,0x00000000f6f80000)
  to   space 15872K, 0% used [0x00000000f6f80000,0x00000000f6f80000,0x00000000f7f00000)
 ParOldGen       total 82432K, used 42531K [0x00000000c0e00000, 0x00000000c5e80000, 0x00000000eaf80000)
  object space 82432K, 51% used [0x00000000c0e00000,0x00000000c3788cd8,0x00000000c5e80000)
 Metaspace       used 23491K, capacity 23986K, committed 24192K, reserved 1071104K
  class space    used 2754K, capacity 2903K, committed 2944K, reserved 1048576K
}
Event: 22.301 GC heap before
{Heap before GC invocations=14 (full 2):
 PSYoungGen      total 196608K, used 196582K [0x00000000eaf80000, 0x00000000f9280000, 0x0000000100000000)
  eden space 174592K, 100% used [0x00000000eaf80000,0x00000000f5a00000,0x00000000f5a00000)
  from space 22016K, 99% used [0x00000000f5a00000,0x00000000f6f79908,0x00000000f6f80000)
  to   space 15872K, 0% used [0x00000000f6f80000,0x00000000f6f80000,0x00000000f7f00000)
 ParOldGen       total 82432K, used 42531K [0x00000000c0e00000, 0x00000000c5e80000, 0x00000000eaf80000)
  object space 82432K, 51% used [0x00000000c0e00000,0x00000000c3788cd8,0x00000000c5e80000)
 Metaspace       used 24121K, capacity 24602K, committed 24832K, reserved 1071104K
  class space    used 2831K, capacity 3003K, committed 3072K, reserved 1048576K
Event: 22.345 GC heap after
Heap after GC invocations=14 (full 2):
 PSYoungGen      total 190464K, used 15859K [0x00000000eaf80000, 0x00000000f9280000, 0x0000000100000000)
  eden space 174592K, 0% used [0x00000000eaf80000,0x00000000eaf80000,0x00000000f5a00000)
  from space 15872K, 99% used [0x00000000f6f80000,0x00000000f7efcca0,0x00000000f7f00000)
  to   space 22016K, 0% used [0x00000000f5a00000,0x00000000f5a00000,0x00000000f6f80000)
 ParOldGen       total 82432K, used 55699K [0x00000000c0e00000, 0x00000000c5e80000, 0x00000000eaf80000)
  object space 82432K, 67% used [0x00000000c0e00000,0x00000000c4464ea0,0x00000000c5e80000)
 Metaspace       used 24121K, capacity 24602K, committed 24832K, reserved 1071104K
  class space    used 2831K, capacity 3003K, committed 3072K, reserved 1048576K
}

