# JRE version: Java(TM) SE Runtime Environment (8.0_121-b13) (build 1.8.0_121-b13)
# Java VM: Java HotSpot(TM) 64-Bit Server VM (25.121-b13 mixed mode windows-amd64 compressed oops)
Heap:
 PSYoungGen      total 231424K, used 12910K [0x00000000eaf80000, 0x00000000fac80000, 0x0000000100000000)
  eden space 205824K, 0% used [0x00000000eaf80000,0x00000000eaf80000,0x00000000f7880000)
  from space 25600K, 50% used [0x00000000f9380000,0x00000000fa01bb00,0x00000000fac80000)
  to   space 26624K, 0% used [0x00000000f7880000,0x00000000f7880000,0x00000000f9280000)
 ParOldGen       total 86528K, used 47766K [0x00000000c0e00000, 0x00000000c6280000, 0x00000000eaf80000)
  object space 86528K, 55% used [0x00000000c0e00000,0x00000000c3ca5b48,0x00000000c6280000)
 Metaspace       used 23537K, capacity 24082K, committed 24192K, reserved 1071104K
  class space    used 2757K, capacity 2935K, committed 2944K, reserved 1048576K
GC Heap History (10 events):
Event: 16.387 GC heap after
Heap after GC invocations=10 (full 1):
 PSYoungGen      total 140288K, used 9707K [0x00000000eaf80000, 0x00000000f7900000, 0x0000000100000000)
  eden space 130560K, 0% used [0x00000000eaf80000,0x00000000eaf80000,0x00000000f2f00000)
  from space 9728K, 99% used [0x00000000f2f00000,0x00000000f387af90,0x00000000f3880000)
  to   space 15360K, 0% used [0x00000000f6a00000,0x00000000f6a00000,0x00000000f7900000)
 ParOldGen       total 40448K, used 23574K [0x00000000c0e00000, 0x00000000c3580000, 0x00000000eaf80000)
  object space 40448K, 58% used [0x00000000c0e00000,0x00000000c2505910,0x00000000c3580000)
 Metaspace       used 23495K, capacity 23976K, committed 24192K, reserved 1071104K
  class space    used 2750K, capacity 2901K, committed 2944K, reserved 1048576K
}
Event: 18.161 GC heap before
{Heap before GC invocations=11 (full 1):
 PSYoungGen      total 140288K, used 140267K [0x00000000eaf80000, 0x00000000f7900000, 0x0000000100000000)
  eden space 130560K, 100% used [0x00000000eaf80000,0x00000000f2f00000,0x00000000f2f00000)
  from space 9728K, 99% used [0x00000000f2f00000,0x00000000f387af90,0x00000000f3880000)
  to   space 15360K, 0% used [0x00000000f6a00000,0x00000000f6a00000,0x00000000f7900000)
 ParOldGen       total 40448K, used 23574K [0x00000000c0e00000, 0x00000000c3580000, 0x00000000eaf80000)
  object space 40448K, 58% used [0x00000000c0e00000,0x00000000c2505910,0x00000000c3580000)
 Metaspace       used 23498K, capacity 23976K, committed 24192K, reserved 1071104K
  class space    used 2750K, capacity 2901K, committed 2944K, reserved 1048576K
Event: 18.243 GC heap after
Heap after GC invocations=11 (full 1):
 PSYoungGen      total 184832K, used 15349K [0x00000000eaf80000, 0x00000000f8d80000, 0x0000000100000000)
  eden space 169472K, 0% used [0x00000000eaf80000,0x00000000eaf80000,0x00000000f5500000)
  from space 15360K, 99% used [0x00000000f6a00000,0x00000000f78fd550,0x00000000f7900000)
  to   space 21504K, 0% used [0x00000000f5500000,0x00000000f5500000,0x00000000f6a00000)
 ParOldGen       total 40448K, used 34824K [0x00000000c0e00000, 0x00000000c3580000, 0x00000000eaf80000)
  object space 40448K, 86% used [0x00000000c0e00000,0x00000000c30022c0,0x00000000c3580000)
 Metaspace       used 23498K, capacity 23976K, committed 24192K, reserved 1071104K
  class space    used 2750K, capacity 2901K, committed 2944K, reserved 1048576K
}
Event: 18.243 GC heap before
{Heap before GC invocations=12 (full 2):
 PSYoungGen      total 184832K, used 15349K [0x00000000eaf80000, 0x00000000f8d80000, 0x0000000100000000)
  eden space 169472K, 0% used [0x00000000eaf80000,0x00000000eaf80000,0x00000000f5500000)
  from space 15360K, 99% used [0x00000000f6a00000,0x00000000f78fd550,0x00000000f7900000)
  to   space 21504K, 0% used [0x00000000f5500000,0x00000000f5500000,0x00000000f6a00000)
 ParOldGen       total 40448K, used 34824K [0x00000000c0e00000, 0x00000000c3580000, 0x00000000eaf80000)
  object space 40448K, 86% used [0x00000000c0e00000,0x00000000c30022c0,0x00000000c3580000)
 Metaspace       used 23498K, capacity 23976K, committed 24192K, reserved 1071104K
  class space    used 2750K, capacity 2901K, committed 2944K, reserved 1048576K
Event: 18.683 GC heap after
Heap after GC invocations=12 (full 2):
 PSYoungGen      total 184832K, used 0K [0x00000000eaf80000, 0x00000000f8d80000, 0x0000000100000000)
  eden space 169472K, 0% used [0x00000000eaf80000,0x00000000eaf80000,0x00000000f5500000)
  from space 15360K, 0% used [0x00000000f6a00000,0x00000000f6a00000,0x00000000f7900000)
  to   space 21504K, 0% used [0x00000000f5500000,0x00000000f5500000,0x00000000f6a00000)
 ParOldGen       total 86528K, used 37127K [0x00000000c0e00000, 0x00000000c6280000, 0x00000000eaf80000)
  object space 86528K, 42% used [0x00000000c0e00000,0x00000000c3241ff8,0x00000000c6280000)
 Metaspace       used 23498K, capacity 23976K, committed 24192K, reserved 1071104K
  class space    used 2750K, capacity 2901K, committed 2944K, reserved 1048576K
}
Event: 20.862 GC heap before
{Heap before GC invocations=13 (full 2):
 PSYoungGen      total 184832K, used 169472K [0x00000000eaf80000, 0x00000000f8d80000, 0x0000000100000000)
  eden space 169472K, 100% used [0x00000000eaf80000,0x00000000f5500000,0x00000000f5500000)
  from space 15360K, 0% used [0x00000000f6a00000,0x00000000f6a00000,0x00000000f7900000)
  to   space 21504K, 0% used [0x00000000f5500000,0x00000000f5500000,0x00000000f6a00000)
 ParOldGen       total 86528K, used 37127K [0x00000000c0e00000, 0x00000000c6280000, 0x00000000eaf80000)
  object space 86528K, 42% used [0x00000000c0e00000,0x00000000c3241ff8,0x00000000c6280000)
 Metaspace       used 23515K, capacity 24072K, committed 24192K, reserved 1071104K
  class space    used 2753K, capacity 2933K, committed 2944K, reserved 1048576K
Event: 20.940 GC heap after
Heap after GC invocations=13 (full 2):
 PSYoungGen      total 190976K, used 21487K [0x00000000eaf80000, 0x00000000fae80000, 0x0000000100000000)
  eden space 169472K, 0% used [0x00000000eaf80000,0x00000000eaf80000,0x00000000f5500000)
  from space 21504K, 99% used [0x00000000f5500000,0x00000000f69fbd40,0x00000000f6a00000)
  to   space 27648K, 0% used [0x00000000f9380000,0x00000000f9380000,0x00000000fae80000)
 ParOldGen       total 86528K, used 43737K [0x00000000c0e00000, 0x00000000c6280000, 0x00000000eaf80000)
  object space 86528K, 50% used [0x00000000c0e00000,0x00000000c38b6478,0x00000000c6280000)
 Metaspace       used 23515K, capacity 24072K, committed 24192K, reserved 1071104K
  class space    used 2753K, capacity 2933K, committed 2944K, reserved 1048576K
}
Event: 21.795 GC heap before
{Heap before GC invocations=14 (full 2):
 PSYoungGen      total 190976K, used 95053K [0x00000000eaf80000, 0x00000000fae80000, 0x0000000100000000)
  eden space 169472K, 43% used [0x00000000eaf80000,0x00000000ef7578a8,0x00000000f5500000)
  from space 21504K, 99% used [0x00000000f5500000,0x00000000f69fbd40,0x00000000f6a00000)
  to   space 27648K, 0% used [0x00000000f9380000,0x00000000f9380000,0x00000000fae80000)
 ParOldGen       total 86528K, used 43737K [0x00000000c0e00000, 0x00000000c6280000, 0x00000000eaf80000)
  object space 86528K, 50% used [0x00000000c0e00000,0x00000000c38b6478,0x00000000c6280000)
 Metaspace       used 23537K, capacity 24082K, committed 24192K, reserved 1071104K
  class space    used 2757K, capacity 2935K, committed 2944K, reserved 1048576K
Event: 21.905 GC heap after
Heap after GC invocations=14 (full 2):
 PSYoungGen      total 231424K, used 12910K [0x00000000eaf80000, 0x00000000fac80000, 0x0000000100000000)
  eden space 205824K, 0% used [0x00000000eaf80000,0x00000000eaf80000,0x00000000f7880000)
  from space 25600K, 50% used [0x00000000f9380000,0x00000000fa01bb00,0x00000000fac80000)
  to   space 26624K, 0% used [0x00000000f7880000,0x00000000f7880000,0x00000000f9280000)
 ParOldGen       total 86528K, used 47766K [0x00000000c0e00000, 0x00000000c6280000, 0x00000000eaf80000)
  object space 86528K, 55% used [0x00000000c0e00000,0x00000000c3ca5b48,0x00000000c6280000)
 Metaspace       used 23537K, capacity 24082K, committed 24192K, reserved 1071104K
  class space    used 2757K, capacity 2935K, committed 2944K, reserved 1048576K
}
Event: 21.906 GC heap before
{Heap before GC invocations=15 (full 3):
 PSYoungGen      total 231424K, used 12910K [0x00000000eaf80000, 0x00000000fac80000, 0x0000000100000000)
  eden space 205824K, 0% used [0x00000000eaf80000,0x00000000eaf80000,0x00000000f7880000)
  from space 25600K, 50% used [0x00000000f9380000,0x00000000fa01bb00,0x00000000fac80000)
  to   space 26624K, 0% used [0x00000000f7880000,0x00000000f7880000,0x00000000f9280000)
 ParOldGen       total 86528K, used 47766K [0x00000000c0e00000, 0x00000000c6280000, 0x00000000eaf80000)
  object space 86528K, 55% used [0x00000000c0e00000,0x00000000c3ca5b48,0x00000000c6280000)
 Metaspace       used 23537K, capacity 24082K, committed 24192K, reserved 1071104K
  class space    used 2757K, capacity 2935K, committed 2944K, reserved 1048576K

