# JRE version: Java(TM) SE Runtime Environment (8.0_121-b13) (build 1.8.0_121-b13)
# Java VM: Java HotSpot(TM) 64-Bit Server VM (25.121-b13 mixed mode windows-amd64 compressed oops)
Heap:
 PSYoungGen      total 235008K, used 23238K [0x00000000eaf80000, 0x00000000fde80000, 0x0000000100000000)
  eden space 204288K, 0% used [0x00000000eaf80000,0x00000000eaf80000,0x00000000f7700000)
  from space 30720K, 75% used [0x00000000f7700000,0x00000000f8db1ba0,0x00000000f9500000)
  to   space 32768K, 0% used [0x00000000fbe80000,0x00000000fbe80000,0x00000000fde80000)
 ParOldGen       total 84992K, used 46693K [0x00000000c0e00000, 0x00000000c6100000, 0x00000000eaf80000)
  object space 84992K, 54% used [0x00000000c0e00000,0x00000000c3b99470,0x00000000c6100000)
 Metaspace       used 39523K, capacity 40138K, committed 40320K, reserved 1085440K
  class space    used 4737K, capacity 4953K, committed 4992K, reserved 1048576K
GC Heap History (10 events):
Event: 11.741 GC heap after
Heap after GC invocations=11 (full 1):
 PSYoungGen      total 184832K, used 15349K [0x00000000eaf80000, 0x00000000f8c80000, 0x0000000100000000)
  eden space 169472K, 0% used [0x00000000eaf80000,0x00000000eaf80000,0x00000000f5500000)
  from space 15360K, 99% used [0x00000000f6980000,0x00000000f787d4e0,0x00000000f7880000)
  to   space 20992K, 0% used [0x00000000f5500000,0x00000000f5500000,0x00000000f6980000)
 ParOldGen       total 40960K, used 33124K [0x00000000c0e00000, 0x00000000c3600000, 0x00000000eaf80000)
  object space 40960K, 80% used [0x00000000c0e00000,0x00000000c2e592e0,0x00000000c3600000)
 Metaspace       used 23578K, capacity 24040K, committed 24192K, reserved 1071104K
  class space    used 2748K, capacity 2901K, committed 2944K, reserved 1048576K
}
Event: 11.741 GC heap before
{Heap before GC invocations=12 (full 2):
 PSYoungGen      total 184832K, used 15349K [0x00000000eaf80000, 0x00000000f8c80000, 0x0000000100000000)
  eden space 169472K, 0% used [0x00000000eaf80000,0x00000000eaf80000,0x00000000f5500000)
  from space 15360K, 99% used [0x00000000f6980000,0x00000000f787d4e0,0x00000000f7880000)
  to   space 20992K, 0% used [0x00000000f5500000,0x00000000f5500000,0x00000000f6980000)
 ParOldGen       total 40960K, used 33124K [0x00000000c0e00000, 0x00000000c3600000, 0x00000000eaf80000)
  object space 40960K, 80% used [0x00000000c0e00000,0x00000000c2e592e0,0x00000000c3600000)
 Metaspace       used 23578K, capacity 24040K, committed 24192K, reserved 1071104K
  class space    used 2748K, capacity 2901K, committed 2944K, reserved 1048576K
Event: 12.026 GC heap after
Heap after GC invocations=12 (full 2):
 PSYoungGen      total 184832K, used 0K [0x00000000eaf80000, 0x00000000f8c80000, 0x0000000100000000)
  eden space 169472K, 0% used [0x00000000eaf80000,0x00000000eaf80000,0x00000000f5500000)
  from space 15360K, 0% used [0x00000000f6980000,0x00000000f6980000,0x00000000f7880000)
  to   space 20992K, 0% used [0x00000000f5500000,0x00000000f5500000,0x00000000f6980000)
 ParOldGen       total 84992K, used 36140K [0x00000000c0e00000, 0x00000000c6100000, 0x00000000eaf80000)
  object space 84992K, 42% used [0x00000000c0e00000,0x00000000c314b3f8,0x00000000c6100000)
 Metaspace       used 23578K, capacity 24040K, committed 24192K, reserved 1071104K
  class space    used 2748K, capacity 2901K, committed 2944K, reserved 1048576K
}
Event: 13.171 GC heap before
{Heap before GC invocations=13 (full 2):
 PSYoungGen      total 184832K, used 169472K [0x00000000eaf80000, 0x00000000f8c80000, 0x0000000100000000)
  eden space 169472K, 100% used [0x00000000eaf80000,0x00000000f5500000,0x00000000f5500000)
  from space 15360K, 0% used [0x00000000f6980000,0x00000000f6980000,0x00000000f7880000)
  to   space 20992K, 0% used [0x00000000f5500000,0x00000000f5500000,0x00000000f6980000)
 ParOldGen       total 84992K, used 36140K [0x00000000c0e00000, 0x00000000c6100000, 0x00000000eaf80000)
  object space 84992K, 42% used [0x00000000c0e00000,0x00000000c314b3f8,0x00000000c6100000)
 Metaspace       used 23596K, capacity 24050K, committed 24192K, reserved 1071104K
  class space    used 2751K, capacity 2903K, committed 2944K, reserved 1048576K
Event: 13.221 GC heap after
Heap after GC invocations=13 (full 2):
 PSYoungGen      total 190464K, used 20966K [0x00000000eaf80000, 0x00000000faf80000, 0x0000000100000000)
  eden space 169472K, 0% used [0x00000000eaf80000,0x00000000eaf80000,0x00000000f5500000)
  from space 20992K, 99% used [0x00000000f5500000,0x00000000f6979a60,0x00000000f6980000)
  to   space 27136K, 0% used [0x00000000f9500000,0x00000000f9500000,0x00000000faf80000)
 ParOldGen       total 84992K, used 43507K [0x00000000c0e00000, 0x00000000c6100000, 0x00000000eaf80000)
  object space 84992K, 51% used [0x00000000c0e00000,0x00000000c387cc60,0x00000000c6100000)
 Metaspace       used 23596K, capacity 24050K, committed 24192K, reserved 1071104K
  class space    used 2751K, capacity 2903K, committed 2944K, reserved 1048576K
}
Event: 14.771 GC heap before
{Heap before GC invocations=14 (full 2):
 PSYoungGen      total 190464K, used 190438K [0x00000000eaf80000, 0x00000000faf80000, 0x0000000100000000)
  eden space 169472K, 100% used [0x00000000eaf80000,0x00000000f5500000,0x00000000f5500000)
  from space 20992K, 99% used [0x00000000f5500000,0x00000000f6979a60,0x00000000f6980000)
  to   space 27136K, 0% used [0x00000000f9500000,0x00000000f9500000,0x00000000faf80000)
 ParOldGen       total 84992K, used 43507K [0x00000000c0e00000, 0x00000000c6100000, 0x00000000eaf80000)
  object space 84992K, 51% used [0x00000000c0e00000,0x00000000c387cc60,0x00000000c6100000)
 Metaspace       used 24221K, capacity 24730K, committed 24832K, reserved 1071104K
  class space    used 2830K, capacity 3003K, committed 3072K, reserved 1048576K
Event: 14.818 GC heap after
Heap after GC invocations=14 (full 2):
 PSYoungGen      total 231424K, used 24883K [0x00000000eaf80000, 0x00000000fb700000, 0x0000000100000000)
  eden space 204288K, 0% used [0x00000000eaf80000,0x00000000eaf80000,0x00000000f7700000)
  from space 27136K, 91% used [0x00000000f9500000,0x00000000fad4cde8,0x00000000faf80000)
  to   space 30720K, 0% used [0x00000000f7700000,0x00000000f7700000,0x00000000f9500000)
 ParOldGen       total 84992K, used 46677K [0x00000000c0e00000, 0x00000000c6100000, 0x00000000eaf80000)
  object space 84992K, 54% used [0x00000000c0e00000,0x00000000c3b95470,0x00000000c6100000)
 Metaspace       used 24221K, capacity 24730K, committed 24832K, reserved 1071104K
  class space    used 2830K, capacity 3003K, committed 3072K, reserved 1048576K
}
Event: 23.123 GC heap before
{Heap before GC invocations=15 (full 2):
 PSYoungGen      total 231424K, used 157593K [0x00000000eaf80000, 0x00000000fb700000, 0x0000000100000000)
  eden space 204288K, 64% used [0x00000000eaf80000,0x00000000f3119a00,0x00000000f7700000)
  from space 27136K, 91% used [0x00000000f9500000,0x00000000fad4cde8,0x00000000faf80000)
  to   space 30720K, 0% used [0x00000000f7700000,0x00000000f7700000,0x00000000f9500000)
 ParOldGen       total 84992K, used 46677K [0x00000000c0e00000, 0x00000000c6100000, 0x00000000eaf80000)
  object space 84992K, 54% used [0x00000000c0e00000,0x00000000c3b95470,0x00000000c6100000)
 Metaspace       used 39523K, capacity 40138K, committed 40320K, reserved 1085440K
  class space    used 4737K, capacity 4953K, committed 4992K, reserved 1048576K
Event: 23.164 GC heap after
Heap after GC invocations=15 (full 2):
 PSYoungGen      total 235008K, used 23238K [0x00000000eaf80000, 0x00000000fde80000, 0x0000000100000000)
  eden space 204288K, 0% used [0x00000000eaf80000,0x00000000eaf80000,0x00000000f7700000)
  from space 30720K, 75% used [0x00000000f7700000,0x00000000f8db1ba0,0x00000000f9500000)
  to   space 32768K, 0% used [0x00000000fbe80000,0x00000000fbe80000,0x00000000fde80000)
 ParOldGen       total 84992K, used 46693K [0x00000000c0e00000, 0x00000000c6100000, 0x00000000eaf80000)
  object space 84992K, 54% used [0x00000000c0e00000,0x00000000c3b99470,0x00000000c6100000)
 Metaspace       used 39523K, capacity 40138K, committed 40320K, reserved 1085440K
  class space    used 4737K, capacity 4953K, committed 4992K, reserved 1048576K
}
Event: 23.164 GC heap before
{Heap before GC invocations=16 (full 3):
 PSYoungGen      total 235008K, used 23238K [0x00000000eaf80000, 0x00000000fde80000, 0x0000000100000000)
  eden space 204288K, 0% used [0x00000000eaf80000,0x00000000eaf80000,0x00000000f7700000)
  from space 30720K, 75% used [0x00000000f7700000,0x00000000f8db1ba0,0x00000000f9500000)
  to   space 32768K, 0% used [0x00000000fbe80000,0x00000000fbe80000,0x00000000fde80000)
 ParOldGen       total 84992K, used 46693K [0x00000000c0e00000, 0x00000000c6100000, 0x00000000eaf80000)
  object space 84992K, 54% used [0x00000000c0e00000,0x00000000c3b99470,0x00000000c6100000)
 Metaspace       used 39523K, capacity 40138K, committed 40320K, reserved 1085440K
  class space    used 4737K, capacity 4953K, committed 4992K, reserved 1048576K

