# JRE version: Java(TM) SE Runtime Environment (8.0_121-b13) (build 1.8.0_121-b13)
# Java VM: Java HotSpot(TM) 64-Bit Server VM (25.121-b13 mixed mode windows-amd64 compressed oops)
Heap:
 PSYoungGen      total 241664K, used 42647K [0x00000000eaf80000, 0x00000000fbf80000, 0x0000000100000000)
  eden space 214016K, 8% used [0x00000000eaf80000,0x00000000ec238e90,0x00000000f8080000)
  from space 27648K, 84% used [0x00000000f9e80000,0x00000000fb56ce98,0x00000000fb980000)
  to   space 30720K, 0% used [0x00000000f8080000,0x00000000f8080000,0x00000000f9e80000)
 ParOldGen       total 84992K, used 46279K [0x00000000c0e00000, 0x00000000c6100000, 0x00000000eaf80000)
  object space 84992K, 54% used [0x00000000c0e00000,0x00000000c3b31d70,0x00000000c6100000)
 Metaspace       used 25230K, capacity 25832K, committed 25984K, reserved 1073152K
  class space    used 2940K, capacity 3154K, committed 3200K, reserved 1048576K
GC Heap History (10 events):
Event: 8.114 GC heap before
{Heap before GC invocations=10 (full 1):
 PSYoungGen      total 139776K, used 130560K [0x00000000eaf80000, 0x00000000f4280000, 0x0000000100000000)
  eden space 130560K, 100% used [0x00000000eaf80000,0x00000000f2f00000,0x00000000f2f00000)
  from space 9216K, 0% used [0x00000000f3880000,0x00000000f3880000,0x00000000f4180000)
  to   space 9728K, 0% used [0x00000000f2f00000,0x00000000f2f00000,0x00000000f3880000)
 ParOldGen       total 43008K, used 13846K [0x00000000c0e00000, 0x00000000c3800000, 0x00000000eaf80000)
  object space 43008K, 32% used [0x00000000c0e00000,0x00000000c1b85ae0,0x00000000c3800000)
 Metaspace       used 23529K, capacity 24040K, committed 24192K, reserved 1071104K
  class space    used 2747K, capacity 2901K, committed 2944K, reserved 1048576K
Event: 8.162 GC heap after
Heap after GC invocations=10 (full 1):
 PSYoungGen      total 140288K, used 9720K [0x00000000eaf80000, 0x00000000f7580000, 0x0000000100000000)
  eden space 130560K, 0% used [0x00000000eaf80000,0x00000000eaf80000,0x00000000f2f00000)
  from space 9728K, 99% used [0x00000000f2f00000,0x00000000f387e170,0x00000000f3880000)
  to   space 15872K, 0% used [0x00000000f6600000,0x00000000f6600000,0x00000000f7580000)
 ParOldGen       total 43008K, used 25677K [0x00000000c0e00000, 0x00000000c3800000, 0x00000000eaf80000)
  object space 43008K, 59% used [0x00000000c0e00000,0x00000000c27134c0,0x00000000c3800000)
 Metaspace       used 23529K, capacity 24040K, committed 24192K, reserved 1071104K
  class space    used 2747K, capacity 2901K, committed 2944K, reserved 1048576K
}
Event: 8.964 GC heap before
{Heap before GC invocations=11 (full 1):
 PSYoungGen      total 140288K, used 140280K [0x00000000eaf80000, 0x00000000f7580000, 0x0000000100000000)
  eden space 130560K, 100% used [0x00000000eaf80000,0x00000000f2f00000,0x00000000f2f00000)
  from space 9728K, 99% used [0x00000000f2f00000,0x00000000f387e170,0x00000000f3880000)
  to   space 15872K, 0% used [0x00000000f6600000,0x00000000f6600000,0x00000000f7580000)
 ParOldGen       total 43008K, used 25677K [0x00000000c0e00000, 0x00000000c3800000, 0x00000000eaf80000)
  object space 43008K, 59% used [0x00000000c0e00000,0x00000000c27134c0,0x00000000c3800000)
 Metaspace       used 23533K, capacity 24040K, committed 24192K, reserved 1071104K
  class space    used 2747K, capacity 2901K, committed 2944K, reserved 1048576K
Event: 8.995 GC heap after
Heap after GC invocations=11 (full 1):
 PSYoungGen      total 180736K, used 15842K [0x00000000eaf80000, 0x00000000f8300000, 0x0000000100000000)
  eden space 164864K, 0% used [0x00000000eaf80000,0x00000000eaf80000,0x00000000f5080000)
  from space 15872K, 99% used [0x00000000f6600000,0x00000000f7578a30,0x00000000f7580000)
  to   space 22016K, 0% used [0x00000000f5080000,0x00000000f5080000,0x00000000f6600000)
 ParOldGen       total 43008K, used 36573K [0x00000000c0e00000, 0x00000000c3800000, 0x00000000eaf80000)
  object space 43008K, 85% used [0x00000000c0e00000,0x00000000c31b76c8,0x00000000c3800000)
 Metaspace       used 23533K, capacity 24040K, committed 24192K, reserved 1071104K
  class space    used 2747K, capacity 2901K, committed 2944K, reserved 1048576K
}
Event: 8.995 GC heap before
{Heap before GC invocations=12 (full 2):
 PSYoungGen      total 180736K, used 15842K [0x00000000eaf80000, 0x00000000f8300000, 0x0000000100000000)
  eden space 164864K, 0% used [0x00000000eaf80000,0x00000000eaf80000,0x00000000f5080000)
  from space 15872K, 99% used [0x00000000f6600000,0x00000000f7578a30,0x00000000f7580000)
  to   space 22016K, 0% used [0x00000000f5080000,0x00000000f5080000,0x00000000f6600000)
 ParOldGen       total 43008K, used 36573K [0x00000000c0e00000, 0x00000000c3800000, 0x00000000eaf80000)
  object space 43008K, 85% used [0x00000000c0e00000,0x00000000c31b76c8,0x00000000c3800000)
 Metaspace       used 23533K, capacity 24040K, committed 24192K, reserved 1071104K
  class space    used 2747K, capacity 2901K, committed 2944K, reserved 1048576K
Event: 9.109 GC heap after
Heap after GC invocations=12 (full 2):
 PSYoungGen      total 180736K, used 0K [0x00000000eaf80000, 0x00000000f8300000, 0x0000000100000000)
  eden space 164864K, 0% used [0x00000000eaf80000,0x00000000eaf80000,0x00000000f5080000)
  from space 15872K, 0% used [0x00000000f6600000,0x00000000f6600000,0x00000000f7580000)
  to   space 22016K, 0% used [0x00000000f5080000,0x00000000f5080000,0x00000000f6600000)
 ParOldGen       total 84992K, used 37163K [0x00000000c0e00000, 0x00000000c6100000, 0x00000000eaf80000)
  object space 84992K, 43% used [0x00000000c0e00000,0x00000000c324af98,0x00000000c6100000)
 Metaspace       used 23533K, capacity 24040K, committed 24192K, reserved 1071104K
  class space    used 2747K, capacity 2901K, committed 2944K, reserved 1048576K
}
Event: 10.093 GC heap before
{Heap before GC invocations=13 (full 2):
 PSYoungGen      total 180736K, used 164864K [0x00000000eaf80000, 0x00000000f8300000, 0x0000000100000000)
  eden space 164864K, 100% used [0x00000000eaf80000,0x00000000f5080000,0x00000000f5080000)
  from space 15872K, 0% used [0x00000000f6600000,0x00000000f6600000,0x00000000f7580000)
  to   space 22016K, 0% used [0x00000000f5080000,0x00000000f5080000,0x00000000f6600000)
 ParOldGen       total 84992K, used 37163K [0x00000000c0e00000, 0x00000000c6100000, 0x00000000eaf80000)
  object space 84992K, 43% used [0x00000000c0e00000,0x00000000c324af98,0x00000000c6100000)
 Metaspace       used 23563K, capacity 24082K, committed 24192K, reserved 1071104K
  class space    used 2752K, capacity 2935K, committed 2944K, reserved 1048576K
Event: 10.152 GC heap after
Heap after GC invocations=13 (full 2):
 PSYoungGen      total 186880K, used 22012K [0x00000000eaf80000, 0x00000000fb980000, 0x0000000100000000)
  eden space 164864K, 0% used [0x00000000eaf80000,0x00000000eaf80000,0x00000000f5080000)
  from space 22016K, 99% used [0x00000000f5080000,0x00000000f65ff1f0,0x00000000f6600000)
  to   space 27648K, 0% used [0x00000000f9e80000,0x00000000f9e80000,0x00000000fb980000)
 ParOldGen       total 84992K, used 43067K [0x00000000c0e00000, 0x00000000c6100000, 0x00000000eaf80000)
  object space 84992K, 50% used [0x00000000c0e00000,0x00000000c380ec80,0x00000000c6100000)
 Metaspace       used 23563K, capacity 24082K, committed 24192K, reserved 1071104K
  class space    used 2752K, capacity 2935K, committed 2944K, reserved 1048576K
}
Event: 11.656 GC heap before
{Heap before GC invocations=14 (full 2):
 PSYoungGen      total 186880K, used 186876K [0x00000000eaf80000, 0x00000000fb980000, 0x0000000100000000)
  eden space 164864K, 100% used [0x00000000eaf80000,0x00000000f5080000,0x00000000f5080000)
  from space 22016K, 99% used [0x00000000f5080000,0x00000000f65ff1f0,0x00000000f6600000)
  to   space 27648K, 0% used [0x00000000f9e80000,0x00000000f9e80000,0x00000000fb980000)
 ParOldGen       total 84992K, used 43067K [0x00000000c0e00000, 0x00000000c6100000, 0x00000000eaf80000)
  object space 84992K, 50% used [0x00000000c0e00000,0x00000000c380ec80,0x00000000c6100000)
 Metaspace       used 23971K, capacity 24538K, committed 24832K, reserved 1071104K
  class space    used 2813K, capacity 3003K, committed 3072K, reserved 1048576K
Event: 11.711 GC heap after
Heap after GC invocations=14 (full 2):
 PSYoungGen      total 241664K, used 23475K [0x00000000eaf80000, 0x00000000fbf80000, 0x0000000100000000)
  eden space 214016K, 0% used [0x00000000eaf80000,0x00000000eaf80000,0x00000000f8080000)
  from space 27648K, 84% used [0x00000000f9e80000,0x00000000fb56ce98,0x00000000fb980000)
  to   space 30720K, 0% used [0x00000000f8080000,0x00000000f8080000,0x00000000f9e80000)
 ParOldGen       total 84992K, used 46279K [0x00000000c0e00000, 0x00000000c6100000, 0x00000000eaf80000)
  object space 84992K, 54% used [0x00000000c0e00000,0x00000000c3b31d70,0x00000000c6100000)
 Metaspace       used 23971K, capacity 24538K, committed 24832K, reserved 1071104K
  class space    used 2813K, capacity 3003K, committed 3072K, reserved 1048576K
}

