# JRE version: Java(TM) SE Runtime Environment (8.0_121-b13) (build 1.8.0_121-b13)
# Java VM: Java HotSpot(TM) 64-Bit Server VM (25.121-b13 mixed mode windows-amd64 compressed oops)
Heap:
 PSYoungGen      total 194560K, used 65319K [0x00000000eaf80000, 0x00000000f8a00000, 0x0000000100000000)
  eden space 169472K, 23% used [0x00000000eaf80000,0x00000000ed6ce570,0x00000000f5500000)
  from space 25088K, 99% used [0x00000000f5500000,0x00000000f6d7b9a0,0x00000000f6d80000)
  to   space 22528K, 0% used [0x00000000f6d80000,0x00000000f6d80000,0x00000000f8380000)
 ParOldGen       total 81408K, used 40909K [0x00000000c0e00000, 0x00000000c5d80000, 0x00000000eaf80000)
  object space 81408K, 50% used [0x00000000c0e00000,0x00000000c35f34f8,0x00000000c5d80000)
 Metaspace       used 36093K, capacity 36740K, committed 37120K, reserved 1081344K
  class space    used 4338K, capacity 4524K, committed 4608K, reserved 1048576K
GC Heap History (10 events):
Event: 16.175 GC heap before
{Heap before GC invocations=13 (full 1):
 PSYoungGen      total 111104K, used 111098K [0x00000000eaf80000, 0x00000000f4380000, 0x0000000100000000)
  eden space 100352K, 100% used [0x00000000eaf80000,0x00000000f1180000,0x00000000f1180000)
  from space 10752K, 99% used [0x00000000f1180000,0x00000000f1bfe820,0x00000000f1c00000)
  to   space 14848K, 0% used [0x00000000f3500000,0x00000000f3500000,0x00000000f4380000)
 ParOldGen       total 41984K, used 24412K [0x00000000c0e00000, 0x00000000c3700000, 0x00000000eaf80000)
  object space 41984K, 58% used [0x00000000c0e00000,0x00000000c25d7128,0x00000000c3700000)
 Metaspace       used 23497K, capacity 24040K, committed 24192K, reserved 1071104K
  class space    used 2752K, capacity 2901K, committed 2944K, reserved 1048576K
Event: 16.210 GC heap after
Heap after GC invocations=13 (full 1):
 PSYoungGen      total 132608K, used 14838K [0x00000000eaf80000, 0x00000000f6280000, 0x0000000100000000)
  eden space 117760K, 0% used [0x00000000eaf80000,0x00000000eaf80000,0x00000000f2280000)
  from space 14848K, 99% used [0x00000000f3500000,0x00000000f437d910,0x00000000f4380000)
  to   space 18944K, 0% used [0x00000000f2280000,0x00000000f2280000,0x00000000f3500000)
 ParOldGen       total 41984K, used 30016K [0x00000000c0e00000, 0x00000000c3700000, 0x00000000eaf80000)
  object space 41984K, 71% used [0x00000000c0e00000,0x00000000c2b502d0,0x00000000c3700000)
 Metaspace       used 23497K, capacity 24040K, committed 24192K, reserved 1071104K
  class space    used 2752K, capacity 2901K, committed 2944K, reserved 1048576K
}
Event: 17.251 GC heap before
{Heap before GC invocations=14 (full 1):
 PSYoungGen      total 132608K, used 132598K [0x00000000eaf80000, 0x00000000f6280000, 0x0000000100000000)
  eden space 117760K, 100% used [0x00000000eaf80000,0x00000000f2280000,0x00000000f2280000)
  from space 14848K, 99% used [0x00000000f3500000,0x00000000f437d910,0x00000000f4380000)
  to   space 18944K, 0% used [0x00000000f2280000,0x00000000f2280000,0x00000000f3500000)
 ParOldGen       total 41984K, used 30016K [0x00000000c0e00000, 0x00000000c3700000, 0x00000000eaf80000)
  object space 41984K, 71% used [0x00000000c0e00000,0x00000000c2b502d0,0x00000000c3700000)
 Metaspace       used 23509K, capacity 24050K, committed 24192K, reserved 1071104K
  class space    used 2754K, capacity 2903K, committed 2944K, reserved 1048576K
Event: 17.289 GC heap after
Heap after GC invocations=14 (full 1):
 PSYoungGen      total 136704K, used 18929K [0x00000000eaf80000, 0x00000000f8380000, 0x0000000100000000)
  eden space 117760K, 0% used [0x00000000eaf80000,0x00000000eaf80000,0x00000000f2280000)
  from space 18944K, 99% used [0x00000000f2280000,0x00000000f34fc420,0x00000000f3500000)
  to   space 22528K, 0% used [0x00000000f6d80000,0x00000000f6d80000,0x00000000f8380000)
 ParOldGen       total 41984K, used 32699K [0x00000000c0e00000, 0x00000000c3700000, 0x00000000eaf80000)
  object space 41984K, 77% used [0x00000000c0e00000,0x00000000c2deed58,0x00000000c3700000)
 Metaspace       used 23509K, capacity 24050K, committed 24192K, reserved 1071104K
  class space    used 2754K, capacity 2903K, committed 2944K, reserved 1048576K
}
Event: 18.615 GC heap before
{Heap before GC invocations=15 (full 1):
 PSYoungGen      total 136704K, used 136689K [0x00000000eaf80000, 0x00000000f8380000, 0x0000000100000000)
  eden space 117760K, 100% used [0x00000000eaf80000,0x00000000f2280000,0x00000000f2280000)
  from space 18944K, 99% used [0x00000000f2280000,0x00000000f34fc420,0x00000000f3500000)
  to   space 22528K, 0% used [0x00000000f6d80000,0x00000000f6d80000,0x00000000f8380000)
 ParOldGen       total 41984K, used 32699K [0x00000000c0e00000, 0x00000000c3700000, 0x00000000eaf80000)
  object space 41984K, 77% used [0x00000000c0e00000,0x00000000c2deed58,0x00000000c3700000)
 Metaspace       used 23511K, capacity 24050K, committed 24192K, reserved 1071104K
  class space    used 2754K, capacity 2903K, committed 2944K, reserved 1048576K
Event: 18.673 GC heap after
Heap after GC invocations=15 (full 1):
 PSYoungGen      total 192000K, used 19391K [0x00000000eaf80000, 0x00000000f8a00000, 0x0000000100000000)
  eden space 169472K, 0% used [0x00000000eaf80000,0x00000000eaf80000,0x00000000f5500000)
  from space 22528K, 86% used [0x00000000f6d80000,0x00000000f806fff8,0x00000000f8380000)
  to   space 25088K, 0% used [0x00000000f5500000,0x00000000f5500000,0x00000000f6d80000)
 ParOldGen       total 41984K, used 36014K [0x00000000c0e00000, 0x00000000c3700000, 0x00000000eaf80000)
  object space 41984K, 85% used [0x00000000c0e00000,0x00000000c312b860,0x00000000c3700000)
 Metaspace       used 23511K, capacity 24050K, committed 24192K, reserved 1071104K
  class space    used 2754K, capacity 2903K, committed 2944K, reserved 1048576K
}
Event: 18.673 GC heap before
{Heap before GC invocations=16 (full 2):
 PSYoungGen      total 192000K, used 19391K [0x00000000eaf80000, 0x00000000f8a00000, 0x0000000100000000)
  eden space 169472K, 0% used [0x00000000eaf80000,0x00000000eaf80000,0x00000000f5500000)
  from space 22528K, 86% used [0x00000000f6d80000,0x00000000f806fff8,0x00000000f8380000)
  to   space 25088K, 0% used [0x00000000f5500000,0x00000000f5500000,0x00000000f6d80000)
 ParOldGen       total 41984K, used 36014K [0x00000000c0e00000, 0x00000000c3700000, 0x00000000eaf80000)
  object space 41984K, 85% used [0x00000000c0e00000,0x00000000c312b860,0x00000000c3700000)
 Metaspace       used 23511K, capacity 24050K, committed 24192K, reserved 1071104K
  class space    used 2754K, capacity 2903K, committed 2944K, reserved 1048576K
Event: 18.922 GC heap after
Heap after GC invocations=16 (full 2):
 PSYoungGen      total 192000K, used 0K [0x00000000eaf80000, 0x00000000f8a00000, 0x0000000100000000)
  eden space 169472K, 0% used [0x00000000eaf80000,0x00000000eaf80000,0x00000000f5500000)
  from space 22528K, 0% used [0x00000000f6d80000,0x00000000f6d80000,0x00000000f8380000)
  to   space 25088K, 0% used [0x00000000f5500000,0x00000000f5500000,0x00000000f6d80000)
 ParOldGen       total 81408K, used 40772K [0x00000000c0e00000, 0x00000000c5d80000, 0x00000000eaf80000)
  object space 81408K, 50% used [0x00000000c0e00000,0x00000000c35d1230,0x00000000c5d80000)
 Metaspace       used 23511K, capacity 24050K, committed 24192K, reserved 1071104K
  class space    used 2754K, capacity 2903K, committed 2944K, reserved 1048576K
}
Event: 27.630 GC heap before
{Heap before GC invocations=17 (full 2):
 PSYoungGen      total 192000K, used 169472K [0x00000000eaf80000, 0x00000000f8a00000, 0x0000000100000000)
  eden space 169472K, 100% used [0x00000000eaf80000,0x00000000f5500000,0x00000000f5500000)
  from space 22528K, 0% used [0x00000000f6d80000,0x00000000f6d80000,0x00000000f8380000)
  to   space 25088K, 0% used [0x00000000f5500000,0x00000000f5500000,0x00000000f6d80000)
 ParOldGen       total 81408K, used 40772K [0x00000000c0e00000, 0x00000000c5d80000, 0x00000000eaf80000)
  object space 81408K, 50% used [0x00000000c0e00000,0x00000000c35d1230,0x00000000c5d80000)
 Metaspace       used 33007K, capacity 33650K, committed 33920K, reserved 1079296K
  class space    used 3943K, capacity 4137K, committed 4224K, reserved 1048576K
Event: 27.668 GC heap after
Heap after GC invocations=17 (full 2):
 PSYoungGen      total 194560K, used 25070K [0x00000000eaf80000, 0x00000000f8a00000, 0x0000000100000000)
  eden space 169472K, 0% used [0x00000000eaf80000,0x00000000eaf80000,0x00000000f5500000)
  from space 25088K, 99% used [0x00000000f5500000,0x00000000f6d7b9a0,0x00000000f6d80000)
  to   space 22528K, 0% used [0x00000000f6d80000,0x00000000f6d80000,0x00000000f8380000)
 ParOldGen       total 81408K, used 40909K [0x00000000c0e00000, 0x00000000c5d80000, 0x00000000eaf80000)
  object space 81408K, 50% used [0x00000000c0e00000,0x00000000c35f34f8,0x00000000c5d80000)
 Metaspace       used 33007K, capacity 33650K, committed 33920K, reserved 1079296K
  class space    used 3943K, capacity 4137K, committed 4224K, reserved 1048576K
}

