# JRE version: Java(TM) SE Runtime Environment (8.0_121-b13) (build 1.8.0_121-b13)
# Java VM: Java HotSpot(TM) 64-Bit Server VM (25.121-b13 mixed mode windows-amd64 compressed oops)
Heap:
 PSYoungGen      total 239616K, used 13482K [0x00000000eaf80000, 0x00000000fb400000, 0x0000000100000000)
  eden space 214528K, 0% used [0x00000000eaf80000,0x00000000eaf80000,0x00000000f8100000)
  from space 25088K, 53% used [0x00000000f9b80000,0x00000000fa8aa880,0x00000000fb400000)
  to   space 26112K, 0% used [0x00000000f8100000,0x00000000f8100000,0x00000000f9a80000)
 ParOldGen       total 83456K, used 48039K [0x00000000c0e00000, 0x00000000c5f80000, 0x00000000eaf80000)
  object space 83456K, 57% used [0x00000000c0e00000,0x00000000c3ce9da0,0x00000000c5f80000)
 Metaspace       used 23517K, capacity 24082K, committed 24192K, reserved 1071104K
  class space    used 2756K, capacity 2935K, committed 2944K, reserved 1048576K
GC Heap History (10 events):
Event: 7.307 GC heap after
Heap after GC invocations=10 (full 1):
 PSYoungGen      total 140288K, used 9704K [0x00000000eaf80000, 0x00000000f7800000, 0x0000000100000000)
  eden space 130560K, 0% used [0x00000000eaf80000,0x00000000eaf80000,0x00000000f2f00000)
  from space 9728K, 99% used [0x00000000f2f00000,0x00000000f387a0c0,0x00000000f3880000)
  to   space 14848K, 0% used [0x00000000f6980000,0x00000000f6980000,0x00000000f7800000)
 ParOldGen       total 41472K, used 24570K [0x00000000c0e00000, 0x00000000c3680000, 0x00000000eaf80000)
  object space 41472K, 59% used [0x00000000c0e00000,0x00000000c25fe8a8,0x00000000c3680000)
 Metaspace       used 23474K, capacity 23976K, committed 24192K, reserved 1071104K
  class space    used 2749K, capacity 2901K, committed 2944K, reserved 1048576K
}
Event: 8.103 GC heap before
{Heap before GC invocations=11 (full 1):
 PSYoungGen      total 140288K, used 140264K [0x00000000eaf80000, 0x00000000f7800000, 0x0000000100000000)
  eden space 130560K, 100% used [0x00000000eaf80000,0x00000000f2f00000,0x00000000f2f00000)
  from space 9728K, 99% used [0x00000000f2f00000,0x00000000f387a0c0,0x00000000f3880000)
  to   space 14848K, 0% used [0x00000000f6980000,0x00000000f6980000,0x00000000f7800000)
 ParOldGen       total 41472K, used 24570K [0x00000000c0e00000, 0x00000000c3680000, 0x00000000eaf80000)
  object space 41472K, 59% used [0x00000000c0e00000,0x00000000c25fe8a8,0x00000000c3680000)
 Metaspace       used 23492K, capacity 23986K, committed 24192K, reserved 1071104K
  class space    used 2752K, capacity 2903K, committed 2944K, reserved 1048576K
Event: 8.139 GC heap after
Heap after GC invocations=11 (full 1):
 PSYoungGen      total 184320K, used 14824K [0x00000000eaf80000, 0x00000000f8780000, 0x0000000100000000)
  eden space 169472K, 0% used [0x00000000eaf80000,0x00000000eaf80000,0x00000000f5500000)
  from space 14848K, 99% used [0x00000000f6980000,0x00000000f77fa098,0x00000000f7800000)
  to   space 20992K, 0% used [0x00000000f5500000,0x00000000f5500000,0x00000000f6980000)
 ParOldGen       total 41472K, used 35727K [0x00000000c0e00000, 0x00000000c3680000, 0x00000000eaf80000)
  object space 41472K, 86% used [0x00000000c0e00000,0x00000000c30e3dd0,0x00000000c3680000)
 Metaspace       used 23492K, capacity 23986K, committed 24192K, reserved 1071104K
  class space    used 2752K, capacity 2903K, committed 2944K, reserved 1048576K
}
Event: 8.139 GC heap before
{Heap before GC invocations=12 (full 2):
 PSYoungGen      total 184320K, used 14824K [0x00000000eaf80000, 0x00000000f8780000, 0x0000000100000000)
  eden space 169472K, 0% used [0x00000000eaf80000,0x00000000eaf80000,0x00000000f5500000)
  from space 14848K, 99% used [0x00000000f6980000,0x00000000f77fa098,0x00000000f7800000)
  to   space 20992K, 0% used [0x00000000f5500000,0x00000000f5500000,0x00000000f6980000)
 ParOldGen       total 41472K, used 35727K [0x00000000c0e00000, 0x00000000c3680000, 0x00000000eaf80000)
  object space 41472K, 86% used [0x00000000c0e00000,0x00000000c30e3dd0,0x00000000c3680000)
 Metaspace       used 23492K, capacity 23986K, committed 24192K, reserved 1071104K
  class space    used 2752K, capacity 2903K, committed 2944K, reserved 1048576K
Event: 8.309 GC heap after
Heap after GC invocations=12 (full 2):
 PSYoungGen      total 184320K, used 0K [0x00000000eaf80000, 0x00000000f8780000, 0x0000000100000000)
  eden space 169472K, 0% used [0x00000000eaf80000,0x00000000eaf80000,0x00000000f5500000)
  from space 14848K, 0% used [0x00000000f6980000,0x00000000f6980000,0x00000000f7800000)
  to   space 20992K, 0% used [0x00000000f5500000,0x00000000f5500000,0x00000000f6980000)
 ParOldGen       total 83456K, used 36482K [0x00000000c0e00000, 0x00000000c5f80000, 0x00000000eaf80000)
  object space 83456K, 43% used [0x00000000c0e00000,0x00000000c31a0948,0x00000000c5f80000)
 Metaspace       used 23492K, capacity 23986K, committed 24192K, reserved 1071104K
  class space    used 2752K, capacity 2903K, committed 2944K, reserved 1048576K
}
Event: 9.392 GC heap before
{Heap before GC invocations=13 (full 2):
 PSYoungGen      total 184320K, used 169472K [0x00000000eaf80000, 0x00000000f8780000, 0x0000000100000000)
  eden space 169472K, 100% used [0x00000000eaf80000,0x00000000f5500000,0x00000000f5500000)
  from space 14848K, 0% used [0x00000000f6980000,0x00000000f6980000,0x00000000f7800000)
  to   space 20992K, 0% used [0x00000000f5500000,0x00000000f5500000,0x00000000f6980000)
 ParOldGen       total 83456K, used 36482K [0x00000000c0e00000, 0x00000000c5f80000, 0x00000000eaf80000)
  object space 83456K, 43% used [0x00000000c0e00000,0x00000000c31a0948,0x00000000c5f80000)
 Metaspace       used 23506K, capacity 24082K, committed 24192K, reserved 1071104K
  class space    used 2754K, capacity 2935K, committed 2944K, reserved 1048576K
Event: 9.451 GC heap after
Heap after GC invocations=13 (full 2):
 PSYoungGen      total 190464K, used 20961K [0x00000000eaf80000, 0x00000000fb600000, 0x0000000100000000)
  eden space 169472K, 0% used [0x00000000eaf80000,0x00000000eaf80000,0x00000000f5500000)
  from space 20992K, 99% used [0x00000000f5500000,0x00000000f6978638,0x00000000f6980000)
  to   space 27136K, 0% used [0x00000000f9b80000,0x00000000f9b80000,0x00000000fb600000)
 ParOldGen       total 83456K, used 43397K [0x00000000c0e00000, 0x00000000c5f80000, 0x00000000eaf80000)
  object space 83456K, 51% used [0x00000000c0e00000,0x00000000c3861428,0x00000000c5f80000)
 Metaspace       used 23506K, capacity 24082K, committed 24192K, reserved 1071104K
  class space    used 2754K, capacity 2935K, committed 2944K, reserved 1048576K
}
Event: 9.922 GC heap before
{Heap before GC invocations=14 (full 2):
 PSYoungGen      total 190464K, used 97574K [0x00000000eaf80000, 0x00000000fb600000, 0x0000000100000000)
  eden space 169472K, 45% used [0x00000000eaf80000,0x00000000efa51488,0x00000000f5500000)
  from space 20992K, 99% used [0x00000000f5500000,0x00000000f6978638,0x00000000f6980000)
  to   space 27136K, 0% used [0x00000000f9b80000,0x00000000f9b80000,0x00000000fb600000)
 ParOldGen       total 83456K, used 43397K [0x00000000c0e00000, 0x00000000c5f80000, 0x00000000eaf80000)
  object space 83456K, 51% used [0x00000000c0e00000,0x00000000c3861428,0x00000000c5f80000)
 Metaspace       used 23517K, capacity 24082K, committed 24192K, reserved 1071104K
  class space    used 2756K, capacity 2935K, committed 2944K, reserved 1048576K
Event: 9.965 GC heap after
Heap after GC invocations=14 (full 2):
 PSYoungGen      total 239616K, used 13482K [0x00000000eaf80000, 0x00000000fb400000, 0x0000000100000000)
  eden space 214528K, 0% used [0x00000000eaf80000,0x00000000eaf80000,0x00000000f8100000)
  from space 25088K, 53% used [0x00000000f9b80000,0x00000000fa8aa880,0x00000000fb400000)
  to   space 26112K, 0% used [0x00000000f8100000,0x00000000f8100000,0x00000000f9a80000)
 ParOldGen       total 83456K, used 48039K [0x00000000c0e00000, 0x00000000c5f80000, 0x00000000eaf80000)
  object space 83456K, 57% used [0x00000000c0e00000,0x00000000c3ce9da0,0x00000000c5f80000)
 Metaspace       used 23517K, capacity 24082K, committed 24192K, reserved 1071104K
  class space    used 2756K, capacity 2935K, committed 2944K, reserved 1048576K
}
Event: 9.965 GC heap before
{Heap before GC invocations=15 (full 3):
 PSYoungGen      total 239616K, used 13482K [0x00000000eaf80000, 0x00000000fb400000, 0x0000000100000000)
  eden space 214528K, 0% used [0x00000000eaf80000,0x00000000eaf80000,0x00000000f8100000)
  from space 25088K, 53% used [0x00000000f9b80000,0x00000000fa8aa880,0x00000000fb400000)
  to   space 26112K, 0% used [0x00000000f8100000,0x00000000f8100000,0x00000000f9a80000)
 ParOldGen       total 83456K, used 48039K [0x00000000c0e00000, 0x00000000c5f80000, 0x00000000eaf80000)
  object space 83456K, 57% used [0x00000000c0e00000,0x00000000c3ce9da0,0x00000000c5f80000)
 Metaspace       used 23517K, capacity 24082K, committed 24192K, reserved 1071104K
  class space    used 2756K, capacity 2935K, committed 2944K, reserved 1048576K

