# JRE version: Java(TM) SE Runtime Environment (8.0_121-b13) (build 1.8.0_121-b13)
# Java VM: Java HotSpot(TM) 64-Bit Server VM (25.121-b13 mixed mode windows-amd64 compressed oops)
Heap:
 PSYoungGen      total 187904K, used 182177K [0x00000000eaf80000, 0x00000000fb200000, 0x0000000100000000)
  eden space 166400K, 96% used [0x00000000eaf80000,0x00000000f4c6d190,0x00000000f5200000)
  from space 21504K, 99% used [0x00000000f5200000,0x00000000f66fb5d0,0x00000000f6700000)
  to   space 26624K, 0% used [0x00000000f9800000,0x00000000f9800000,0x00000000fb200000)
 ParOldGen       total 84992K, used 42515K [0x00000000c0e00000, 0x00000000c6100000, 0x00000000eaf80000)
  object space 84992K, 50% used [0x00000000c0e00000,0x00000000c3784e38,0x00000000c6100000)
 Metaspace       used 23585K, capacity 24082K, committed 24192K, reserved 1071104K
  class space    used 2759K, capacity 2935K, committed 2944K, reserved 1048576K
GC Heap History (10 events):
Event: 4.566 GC heap before
{Heap before GC invocations=9 (full 1):
 PSYoungGen      total 139776K, used 7582K [0x00000000eaf80000, 0x00000000f4280000, 0x0000000100000000)
  eden space 130560K, 0% used [0x00000000eaf80000,0x00000000eaf80000,0x00000000f2f00000)
  from space 9216K, 82% used [0x00000000f3880000,0x00000000f3fe7bf8,0x00000000f4180000)
  to   space 9728K, 0% used [0x00000000f2f00000,0x00000000f2f00000,0x00000000f3880000)
 ParOldGen       total 44032K, used 14569K [0x00000000c0e00000, 0x00000000c3900000, 0x00000000eaf80000)
  object space 44032K, 33% used [0x00000000c0e00000,0x00000000c1c3a428,0x00000000c3900000)
 Metaspace       used 20666K, capacity 21124K, committed 21296K, reserved 1069056K
  class space    used 2448K, capacity 2590K, committed 2688K, reserved 1048576K
Event: 4.655 GC heap after
Heap after GC invocations=9 (full 1):
 PSYoungGen      total 139776K, used 0K [0x00000000eaf80000, 0x00000000f4280000, 0x0000000100000000)
  eden space 130560K, 0% used [0x00000000eaf80000,0x00000000eaf80000,0x00000000f2f00000)
  from space 9216K, 0% used [0x00000000f3880000,0x00000000f3880000,0x00000000f4180000)
  to   space 9728K, 0% used [0x00000000f2f00000,0x00000000f2f00000,0x00000000f3880000)
 ParOldGen       total 41472K, used 12746K [0x00000000c0e00000, 0x00000000c3680000, 0x00000000eaf80000)
  object space 41472K, 30% used [0x00000000c0e00000,0x00000000c1a72888,0x00000000c3680000)
 Metaspace       used 20666K, capacity 21124K, committed 21296K, reserved 1069056K
  class space    used 2448K, capacity 2590K, committed 2688K, reserved 1048576K
}
Event: 5.941 GC heap before
{Heap before GC invocations=10 (full 1):
 PSYoungGen      total 139776K, used 130560K [0x00000000eaf80000, 0x00000000f4280000, 0x0000000100000000)
  eden space 130560K, 100% used [0x00000000eaf80000,0x00000000f2f00000,0x00000000f2f00000)
  from space 9216K, 0% used [0x00000000f3880000,0x00000000f3880000,0x00000000f4180000)
  to   space 9728K, 0% used [0x00000000f2f00000,0x00000000f2f00000,0x00000000f3880000)
 ParOldGen       total 41472K, used 12746K [0x00000000c0e00000, 0x00000000c3680000, 0x00000000eaf80000)
  object space 41472K, 30% used [0x00000000c0e00000,0x00000000c1a72888,0x00000000c3680000)
 Metaspace       used 23525K, capacity 24018K, committed 24192K, reserved 1071104K
  class space    used 2753K, capacity 2935K, committed 2944K, reserved 1048576K
Event: 5.966 GC heap after
Heap after GC invocations=10 (full 1):
 PSYoungGen      total 140288K, used 9697K [0x00000000eaf80000, 0x00000000f7600000, 0x0000000100000000)
  eden space 130560K, 0% used [0x00000000eaf80000,0x00000000eaf80000,0x00000000f2f00000)
  from space 9728K, 99% used [0x00000000f2f00000,0x00000000f3878460,0x00000000f3880000)
  to   space 15360K, 0% used [0x00000000f6700000,0x00000000f6700000,0x00000000f7600000)
 ParOldGen       total 41472K, used 23459K [0x00000000c0e00000, 0x00000000c3680000, 0x00000000eaf80000)
  object space 41472K, 56% used [0x00000000c0e00000,0x00000000c24e8c00,0x00000000c3680000)
 Metaspace       used 23525K, capacity 24018K, committed 24192K, reserved 1071104K
  class space    used 2753K, capacity 2935K, committed 2944K, reserved 1048576K
}
Event: 6.544 GC heap before
{Heap before GC invocations=11 (full 1):
 PSYoungGen      total 140288K, used 140257K [0x00000000eaf80000, 0x00000000f7600000, 0x0000000100000000)
  eden space 130560K, 100% used [0x00000000eaf80000,0x00000000f2f00000,0x00000000f2f00000)
  from space 9728K, 99% used [0x00000000f2f00000,0x00000000f3878460,0x00000000f3880000)
  to   space 15360K, 0% used [0x00000000f6700000,0x00000000f6700000,0x00000000f7600000)
 ParOldGen       total 41472K, used 23459K [0x00000000c0e00000, 0x00000000c3680000, 0x00000000eaf80000)
  object space 41472K, 56% used [0x00000000c0e00000,0x00000000c24e8c00,0x00000000c3680000)
 Metaspace       used 23528K, capacity 24018K, committed 24192K, reserved 1071104K
  class space    used 2753K, capacity 2935K, committed 2944K, reserved 1048576K
Event: 6.591 GC heap after
Heap after GC invocations=11 (full 1):
 PSYoungGen      total 181760K, used 15358K [0x00000000eaf80000, 0x00000000f8a80000, 0x0000000100000000)
  eden space 166400K, 0% used [0x00000000eaf80000,0x00000000eaf80000,0x00000000f5200000)
  from space 15360K, 99% used [0x00000000f6700000,0x00000000f75ffa48,0x00000000f7600000)
  to   space 21504K, 0% used [0x00000000f5200000,0x00000000f5200000,0x00000000f6700000)
 ParOldGen       total 41472K, used 34101K [0x00000000c0e00000, 0x00000000c3680000, 0x00000000eaf80000)
  object space 41472K, 82% used [0x00000000c0e00000,0x00000000c2f4d768,0x00000000c3680000)
 Metaspace       used 23528K, capacity 24018K, committed 24192K, reserved 1071104K
  class space    used 2753K, capacity 2935K, committed 2944K, reserved 1048576K
}
Event: 6.591 GC heap before
{Heap before GC invocations=12 (full 2):
 PSYoungGen      total 181760K, used 15358K [0x00000000eaf80000, 0x00000000f8a80000, 0x0000000100000000)
  eden space 166400K, 0% used [0x00000000eaf80000,0x00000000eaf80000,0x00000000f5200000)
  from space 15360K, 99% used [0x00000000f6700000,0x00000000f75ffa48,0x00000000f7600000)
  to   space 21504K, 0% used [0x00000000f5200000,0x00000000f5200000,0x00000000f6700000)
 ParOldGen       total 41472K, used 34101K [0x00000000c0e00000, 0x00000000c3680000, 0x00000000eaf80000)
  object space 41472K, 82% used [0x00000000c0e00000,0x00000000c2f4d768,0x00000000c3680000)
 Metaspace       used 23528K, capacity 24018K, committed 24192K, reserved 1071104K
  class space    used 2753K, capacity 2935K, committed 2944K, reserved 1048576K
Event: 6.744 GC heap after
Heap after GC invocations=12 (full 2):
 PSYoungGen      total 181760K, used 0K [0x00000000eaf80000, 0x00000000f8a80000, 0x0000000100000000)
  eden space 166400K, 0% used [0x00000000eaf80000,0x00000000eaf80000,0x00000000f5200000)
  from space 15360K, 0% used [0x00000000f6700000,0x00000000f6700000,0x00000000f7600000)
  to   space 21504K, 0% used [0x00000000f5200000,0x00000000f5200000,0x00000000f6700000)
 ParOldGen       total 84992K, used 36860K [0x00000000c0e00000, 0x00000000c6100000, 0x00000000eaf80000)
  object space 84992K, 43% used [0x00000000c0e00000,0x00000000c31ff158,0x00000000c6100000)
 Metaspace       used 23528K, capacity 24018K, committed 24192K, reserved 1071104K
  class space    used 2753K, capacity 2935K, committed 2944K, reserved 1048576K
}
Event: 7.532 GC heap before
{Heap before GC invocations=13 (full 2):
 PSYoungGen      total 181760K, used 166400K [0x00000000eaf80000, 0x00000000f8a80000, 0x0000000100000000)
  eden space 166400K, 100% used [0x00000000eaf80000,0x00000000f5200000,0x00000000f5200000)
  from space 15360K, 0% used [0x00000000f6700000,0x00000000f6700000,0x00000000f7600000)
  to   space 21504K, 0% used [0x00000000f5200000,0x00000000f5200000,0x00000000f6700000)
 ParOldGen       total 84992K, used 36860K [0x00000000c0e00000, 0x00000000c6100000, 0x00000000eaf80000)
  object space 84992K, 43% used [0x00000000c0e00000,0x00000000c31ff158,0x00000000c6100000)
 Metaspace       used 23532K, capacity 24018K, committed 24192K, reserved 1071104K
  class space    used 2753K, capacity 2935K, committed 2944K, reserved 1048576K
Event: 7.577 GC heap after
Heap after GC invocations=13 (full 2):
 PSYoungGen      total 187904K, used 21485K [0x00000000eaf80000, 0x00000000fb200000, 0x0000000100000000)
  eden space 166400K, 0% used [0x00000000eaf80000,0x00000000eaf80000,0x00000000f5200000)
  from space 21504K, 99% used [0x00000000f5200000,0x00000000f66fb5d0,0x00000000f6700000)
  to   space 26624K, 0% used [0x00000000f9800000,0x00000000f9800000,0x00000000fb200000)
 ParOldGen       total 84992K, used 42515K [0x00000000c0e00000, 0x00000000c6100000, 0x00000000eaf80000)
  object space 84992K, 50% used [0x00000000c0e00000,0x00000000c3784e38,0x00000000c6100000)
 Metaspace       used 23532K, capacity 24018K, committed 24192K, reserved 1071104K
  class space    used 2753K, capacity 2935K, committed 2944K, reserved 1048576K
}

