# JRE version: Java(TM) SE Runtime Environment (8.0_121-b13) (build 1.8.0_121-b13)
# Java VM: Java HotSpot(TM) 64-Bit Server VM (25.121-b13 mixed mode windows-amd64 compressed oops)
Heap:
 PSYoungGen      total 191488K, used 92878K [0x00000000eaf80000, 0x00000000fa980000, 0x0000000100000000)
  eden space 169472K, 41% used [0x00000000eaf80000,0x00000000ef4b8530,0x00000000f5500000)
  from space 22016K, 99% used [0x00000000f5500000,0x00000000f6a7b300,0x00000000f6a80000)
  to   space 27648K, 40% used [0x00000000f8e80000,0x00000000f996e5d8,0x00000000fa980000)
 ParOldGen       total 86016K, used 46270K [0x00000000c0e00000, 0x00000000c6200000, 0x00000000eaf80000)
  object space 86016K, 53% used [0x00000000c0e00000,0x00000000c3b2f8e8,0x00000000c6200000)
 Metaspace       used 23628K, capacity 24204K, committed 24496K, reserved 1071104K
  class space    used 2756K, capacity 2933K, committed 2992K, reserved 1048576K
GC Heap History (10 events):
Event: 9.319 GC heap after
Heap after GC invocations=9 (full 1):
 PSYoungGen      total 139264K, used 0K [0x00000000eaf80000, 0x00000000f4380000, 0x0000000100000000)
  eden space 130048K, 0% used [0x00000000eaf80000,0x00000000eaf80000,0x00000000f2e80000)
  from space 9216K, 0% used [0x00000000f3880000,0x00000000f3880000,0x00000000f4180000)
  to   space 10240K, 0% used [0x00000000f2e80000,0x00000000f2e80000,0x00000000f3880000)
 ParOldGen       total 40448K, used 12608K [0x00000000c0e00000, 0x00000000c3580000, 0x00000000eaf80000)
  object space 40448K, 31% used [0x00000000c0e00000,0x00000000c1a50068,0x00000000c3580000)
 Metaspace       used 20731K, capacity 21188K, committed 21296K, reserved 1069056K
  class space    used 2447K, capacity 2590K, committed 2608K, reserved 1048576K
}
Event: 12.462 GC heap before
{Heap before GC invocations=10 (full 1):
 PSYoungGen      total 139264K, used 130048K [0x00000000eaf80000, 0x00000000f4380000, 0x0000000100000000)
  eden space 130048K, 100% used [0x00000000eaf80000,0x00000000f2e80000,0x00000000f2e80000)
  from space 9216K, 0% used [0x00000000f3880000,0x00000000f3880000,0x00000000f4180000)
  to   space 10240K, 0% used [0x00000000f2e80000,0x00000000f2e80000,0x00000000f3880000)
 ParOldGen       total 40448K, used 12608K [0x00000000c0e00000, 0x00000000c3580000, 0x00000000eaf80000)
  object space 40448K, 31% used [0x00000000c0e00000,0x00000000c1a50068,0x00000000c3580000)
 Metaspace       used 23591K, capacity 24136K, committed 24240K, reserved 1071104K
  class space    used 2751K, capacity 2933K, committed 2992K, reserved 1048576K
Event: 12.498 GC heap after
Heap after GC invocations=10 (full 1):
 PSYoungGen      total 140288K, used 10235K [0x00000000eaf80000, 0x00000000f7a00000, 0x0000000100000000)
  eden space 130048K, 0% used [0x00000000eaf80000,0x00000000eaf80000,0x00000000f2e80000)
  from space 10240K, 99% used [0x00000000f2e80000,0x00000000f387ef00,0x00000000f3880000)
  to   space 15872K, 0% used [0x00000000f6a80000,0x00000000f6a80000,0x00000000f7a00000)
 ParOldGen       total 40448K, used 23810K [0x00000000c0e00000, 0x00000000c3580000, 0x00000000eaf80000)
  object space 40448K, 58% used [0x00000000c0e00000,0x00000000c2540b70,0x00000000c3580000)
 Metaspace       used 23591K, capacity 24136K, committed 24240K, reserved 1071104K
  class space    used 2751K, capacity 2933K, committed 2992K, reserved 1048576K
}
Event: 13.547 GC heap before
{Heap before GC invocations=11 (full 1):
 PSYoungGen      total 140288K, used 140283K [0x00000000eaf80000, 0x00000000f7a00000, 0x0000000100000000)
  eden space 130048K, 100% used [0x00000000eaf80000,0x00000000f2e80000,0x00000000f2e80000)
  from space 10240K, 99% used [0x00000000f2e80000,0x00000000f387ef00,0x00000000f3880000)
  to   space 15872K, 0% used [0x00000000f6a80000,0x00000000f6a80000,0x00000000f7a00000)
 ParOldGen       total 40448K, used 23810K [0x00000000c0e00000, 0x00000000c3580000, 0x00000000eaf80000)
  object space 40448K, 58% used [0x00000000c0e00000,0x00000000c2540b70,0x00000000c3580000)
 Metaspace       used 23604K, capacity 24140K, committed 24240K, reserved 1071104K
  class space    used 2752K, capacity 2933K, committed 2992K, reserved 1048576K
Event: 13.599 GC heap after
Heap after GC invocations=11 (full 1):
 PSYoungGen      total 185344K, used 15868K [0x00000000eaf80000, 0x00000000f8d00000, 0x0000000100000000)
  eden space 169472K, 0% used [0x00000000eaf80000,0x00000000eaf80000,0x00000000f5500000)
  from space 15872K, 99% used [0x00000000f6a80000,0x00000000f79ff2c8,0x00000000f7a00000)
  to   space 22016K, 0% used [0x00000000f5500000,0x00000000f5500000,0x00000000f6a80000)
 ParOldGen       total 40448K, used 33827K [0x00000000c0e00000, 0x00000000c3580000, 0x00000000eaf80000)
  object space 40448K, 83% used [0x00000000c0e00000,0x00000000c2f08e70,0x00000000c3580000)
 Metaspace       used 23604K, capacity 24140K, committed 24240K, reserved 1071104K
  class space    used 2752K, capacity 2933K, committed 2992K, reserved 1048576K
}
Event: 13.599 GC heap before
{Heap before GC invocations=12 (full 2):
 PSYoungGen      total 185344K, used 15868K [0x00000000eaf80000, 0x00000000f8d00000, 0x0000000100000000)
  eden space 169472K, 0% used [0x00000000eaf80000,0x00000000eaf80000,0x00000000f5500000)
  from space 15872K, 99% used [0x00000000f6a80000,0x00000000f79ff2c8,0x00000000f7a00000)
  to   space 22016K, 0% used [0x00000000f5500000,0x00000000f5500000,0x00000000f6a80000)
 ParOldGen       total 40448K, used 33827K [0x00000000c0e00000, 0x00000000c3580000, 0x00000000eaf80000)
  object space 40448K, 83% used [0x00000000c0e00000,0x00000000c2f08e70,0x00000000c3580000)
 Metaspace       used 23604K, capacity 24140K, committed 24240K, reserved 1071104K
  class space    used 2752K, capacity 2933K, committed 2992K, reserved 1048576K
Event: 14.081 GC heap after
Heap after GC invocations=12 (full 2):
 PSYoungGen      total 185344K, used 0K [0x00000000eaf80000, 0x00000000f8d00000, 0x0000000100000000)
  eden space 169472K, 0% used [0x00000000eaf80000,0x00000000eaf80000,0x00000000f5500000)
  from space 15872K, 0% used [0x00000000f6a80000,0x00000000f6a80000,0x00000000f7a00000)
  to   space 22016K, 0% used [0x00000000f5500000,0x00000000f5500000,0x00000000f6a80000)
 ParOldGen       total 86016K, used 36424K [0x00000000c0e00000, 0x00000000c6200000, 0x00000000eaf80000)
  object space 86016K, 42% used [0x00000000c0e00000,0x00000000c3192350,0x00000000c6200000)
 Metaspace       used 23604K, capacity 24140K, committed 24240K, reserved 1071104K
  class space    used 2752K, capacity 2933K, committed 2992K, reserved 1048576K
}
Event: 16.088 GC heap before
{Heap before GC invocations=13 (full 2):
 PSYoungGen      total 185344K, used 169472K [0x00000000eaf80000, 0x00000000f8d00000, 0x0000000100000000)
  eden space 169472K, 100% used [0x00000000eaf80000,0x00000000f5500000,0x00000000f5500000)
  from space 15872K, 0% used [0x00000000f6a80000,0x00000000f6a80000,0x00000000f7a00000)
  to   space 22016K, 0% used [0x00000000f5500000,0x00000000f5500000,0x00000000f6a80000)
 ParOldGen       total 86016K, used 36424K [0x00000000c0e00000, 0x00000000c6200000, 0x00000000eaf80000)
  object space 86016K, 42% used [0x00000000c0e00000,0x00000000c3192350,0x00000000c6200000)
 Metaspace       used 23615K, capacity 24204K, committed 24496K, reserved 1071104K
  class space    used 2754K, capacity 2933K, committed 2992K, reserved 1048576K
Event: 16.157 GC heap after
Heap after GC invocations=13 (full 2):
 PSYoungGen      total 191488K, used 21996K [0x00000000eaf80000, 0x00000000fa980000, 0x0000000100000000)
  eden space 169472K, 0% used [0x00000000eaf80000,0x00000000eaf80000,0x00000000f5500000)
  from space 22016K, 99% used [0x00000000f5500000,0x00000000f6a7b300,0x00000000f6a80000)
  to   space 27648K, 0% used [0x00000000f8e80000,0x00000000f8e80000,0x00000000fa980000)
 ParOldGen       total 86016K, used 42072K [0x00000000c0e00000, 0x00000000c6200000, 0x00000000eaf80000)
  object space 86016K, 48% used [0x00000000c0e00000,0x00000000c3716108,0x00000000c6200000)
 Metaspace       used 23615K, capacity 24204K, committed 24496K, reserved 1071104K
  class space    used 2754K, capacity 2933K, committed 2992K, reserved 1048576K
}
Event: 16.794 GC heap before
{Heap before GC invocations=14 (full 2):
 PSYoungGen      total 191488K, used 92878K [0x00000000eaf80000, 0x00000000fa980000, 0x0000000100000000)
  eden space 169472K, 41% used [0x00000000eaf80000,0x00000000ef4b8530,0x00000000f5500000)
  from space 22016K, 99% used [0x00000000f5500000,0x00000000f6a7b300,0x00000000f6a80000)
  to   space 27648K, 0% used [0x00000000f8e80000,0x00000000f8e80000,0x00000000fa980000)
 ParOldGen       total 86016K, used 42072K [0x00000000c0e00000, 0x00000000c6200000, 0x00000000eaf80000)
  object space 86016K, 48% used [0x00000000c0e00000,0x00000000c3716108,0x00000000c6200000)
 Metaspace       used 23628K, capacity 24204K, committed 24496K, reserved 1071104K
  class space    used 2756K, capacity 2933K, committed 2992K, reserved 1048576K

