# JRE version: Java(TM) SE Runtime Environment (8.0_121-b13) (build 1.8.0_121-b13)
# Java VM: Java HotSpot(TM) 64-Bit Server VM (25.121-b13 mixed mode windows-amd64 compressed oops)
Heap:
 PSYoungGen      total 184320K, used 73844K [0x00000000eaf80000, 0x00000000f8b00000, 0x0000000100000000)
  eden space 168960K, 34% used [0x00000000eaf80000,0x00000000ee8a1dd0,0x00000000f5480000)
  from space 15360K, 99% used [0x00000000f6980000,0x00000000f787b378,0x00000000f7880000)
  to   space 21504K, 0% used [0x00000000f5480000,0x00000000f5480000,0x00000000f6980000)
 ParOldGen       total 82944K, used 56187K [0x00000000c0e00000, 0x00000000c5f00000, 0x00000000eaf80000)
  object space 82944K, 67% used [0x00000000c0e00000,0x00000000c44dec08,0x00000000c5f00000)
 Metaspace       used 33342K, capacity 33906K, committed 34096K, reserved 1081344K
  class space    used 3961K, capacity 4137K, committed 4144K, reserved 1048576K
GC Heap History (10 events):
Event: 11.190 GC heap before
{Heap before GC invocations=10 (full 1):
 PSYoungGen      total 139264K, used 130048K [0x00000000eaf80000, 0x00000000f4380000, 0x0000000100000000)
  eden space 130048K, 100% used [0x00000000eaf80000,0x00000000f2e80000,0x00000000f2e80000)
  from space 9216K, 0% used [0x00000000f3880000,0x00000000f3880000,0x00000000f4180000)
  to   space 10240K, 0% used [0x00000000f2e80000,0x00000000f2e80000,0x00000000f3880000)
 ParOldGen       total 40448K, used 12646K [0x00000000c0e00000, 0x00000000c3580000, 0x00000000eaf80000)
  object space 40448K, 31% used [0x00000000c0e00000,0x00000000c1a59848,0x00000000c3580000)
 Metaspace       used 23586K, capacity 24140K, committed 24240K, reserved 1071104K
  class space    used 2752K, capacity 2933K, committed 2992K, reserved 1048576K
Event: 11.218 GC heap after
Heap after GC invocations=10 (full 1):
 PSYoungGen      total 140288K, used 10226K [0x00000000eaf80000, 0x00000000f7880000, 0x0000000100000000)
  eden space 130048K, 0% used [0x00000000eaf80000,0x00000000eaf80000,0x00000000f2e80000)
  from space 10240K, 99% used [0x00000000f2e80000,0x00000000f387c978,0x00000000f3880000)
  to   space 15360K, 0% used [0x00000000f6980000,0x00000000f6980000,0x00000000f7880000)
 ParOldGen       total 40448K, used 23132K [0x00000000c0e00000, 0x00000000c3580000, 0x00000000eaf80000)
  object space 40448K, 57% used [0x00000000c0e00000,0x00000000c24973c8,0x00000000c3580000)
 Metaspace       used 23586K, capacity 24140K, committed 24240K, reserved 1071104K
  class space    used 2752K, capacity 2933K, committed 2992K, reserved 1048576K
}
Event: 11.991 GC heap before
{Heap before GC invocations=11 (full 1):
 PSYoungGen      total 140288K, used 140274K [0x00000000eaf80000, 0x00000000f7880000, 0x0000000100000000)
  eden space 130048K, 100% used [0x00000000eaf80000,0x00000000f2e80000,0x00000000f2e80000)
  from space 10240K, 99% used [0x00000000f2e80000,0x00000000f387c978,0x00000000f3880000)
  to   space 15360K, 0% used [0x00000000f6980000,0x00000000f6980000,0x00000000f7880000)
 ParOldGen       total 40448K, used 23132K [0x00000000c0e00000, 0x00000000c3580000, 0x00000000eaf80000)
  object space 40448K, 57% used [0x00000000c0e00000,0x00000000c24973c8,0x00000000c3580000)
 Metaspace       used 23597K, capacity 24140K, committed 24240K, reserved 1071104K
  class space    used 2754K, capacity 2933K, committed 2992K, reserved 1048576K
Event: 12.030 GC heap after
Heap after GC invocations=11 (full 1):
 PSYoungGen      total 184320K, used 15342K [0x00000000eaf80000, 0x00000000f8b00000, 0x0000000100000000)
  eden space 168960K, 0% used [0x00000000eaf80000,0x00000000eaf80000,0x00000000f5480000)
  from space 15360K, 99% used [0x00000000f6980000,0x00000000f787b870,0x00000000f7880000)
  to   space 21504K, 0% used [0x00000000f5480000,0x00000000f5480000,0x00000000f6980000)
 ParOldGen       total 40448K, used 33988K [0x00000000c0e00000, 0x00000000c3580000, 0x00000000eaf80000)
  object space 40448K, 84% used [0x00000000c0e00000,0x00000000c2f31050,0x00000000c3580000)
 Metaspace       used 23597K, capacity 24140K, committed 24240K, reserved 1071104K
  class space    used 2754K, capacity 2933K, committed 2992K, reserved 1048576K
}
Event: 12.030 GC heap before
{Heap before GC invocations=12 (full 2):
 PSYoungGen      total 184320K, used 15342K [0x00000000eaf80000, 0x00000000f8b00000, 0x0000000100000000)
  eden space 168960K, 0% used [0x00000000eaf80000,0x00000000eaf80000,0x00000000f5480000)
  from space 15360K, 99% used [0x00000000f6980000,0x00000000f787b870,0x00000000f7880000)
  to   space 21504K, 0% used [0x00000000f5480000,0x00000000f5480000,0x00000000f6980000)
 ParOldGen       total 40448K, used 33988K [0x00000000c0e00000, 0x00000000c3580000, 0x00000000eaf80000)
  object space 40448K, 84% used [0x00000000c0e00000,0x00000000c2f31050,0x00000000c3580000)
 Metaspace       used 23597K, capacity 24140K, committed 24240K, reserved 1071104K
  class space    used 2754K, capacity 2933K, committed 2992K, reserved 1048576K
Event: 12.179 GC heap after
Heap after GC invocations=12 (full 2):
 PSYoungGen      total 184320K, used 0K [0x00000000eaf80000, 0x00000000f8b00000, 0x0000000100000000)
  eden space 168960K, 0% used [0x00000000eaf80000,0x00000000eaf80000,0x00000000f5480000)
  from space 15360K, 0% used [0x00000000f6980000,0x00000000f6980000,0x00000000f7880000)
  to   space 21504K, 0% used [0x00000000f5480000,0x00000000f5480000,0x00000000f6980000)
 ParOldGen       total 82944K, used 36864K [0x00000000c0e00000, 0x00000000c5f00000, 0x00000000eaf80000)
  object space 82944K, 44% used [0x00000000c0e00000,0x00000000c3200110,0x00000000c5f00000)
 Metaspace       used 23597K, capacity 24140K, committed 24240K, reserved 1071104K
  class space    used 2754K, capacity 2933K, committed 2992K, reserved 1048576K
}
Event: 13.931 GC heap before
{Heap before GC invocations=13 (full 2):
 PSYoungGen      total 184320K, used 168960K [0x00000000eaf80000, 0x00000000f8b00000, 0x0000000100000000)
  eden space 168960K, 100% used [0x00000000eaf80000,0x00000000f5480000,0x00000000f5480000)
  from space 15360K, 0% used [0x00000000f6980000,0x00000000f6980000,0x00000000f7880000)
  to   space 21504K, 0% used [0x00000000f5480000,0x00000000f5480000,0x00000000f6980000)
 ParOldGen       total 82944K, used 36864K [0x00000000c0e00000, 0x00000000c5f00000, 0x00000000eaf80000)
  object space 82944K, 44% used [0x00000000c0e00000,0x00000000c3200110,0x00000000c5f00000)
 Metaspace       used 23601K, capacity 24204K, committed 24496K, reserved 1071104K
  class space    used 2754K, capacity 2933K, committed 2992K, reserved 1048576K
Event: 14.019 GC heap after
Heap after GC invocations=13 (full 2):
 PSYoungGen      total 190464K, used 21497K [0x00000000eaf80000, 0x00000000f8b00000, 0x0000000100000000)
  eden space 168960K, 0% used [0x00000000eaf80000,0x00000000eaf80000,0x00000000f5480000)
  from space 21504K, 99% used [0x00000000f5480000,0x00000000f697e500,0x00000000f6980000)
  to   space 15360K, 0% used [0x00000000f6980000,0x00000000f6980000,0x00000000f7880000)
 ParOldGen       total 82944K, used 43637K [0x00000000c0e00000, 0x00000000c5f00000, 0x00000000eaf80000)
  object space 82944K, 52% used [0x00000000c0e00000,0x00000000c389d768,0x00000000c5f00000)
 Metaspace       used 23601K, capacity 24204K, committed 24496K, reserved 1071104K
  class space    used 2754K, capacity 2933K, committed 2992K, reserved 1048576K
}
Event: 16.108 GC heap before
{Heap before GC invocations=14 (full 2):
 PSYoungGen      total 190464K, used 190457K [0x00000000eaf80000, 0x00000000f8b00000, 0x0000000100000000)
  eden space 168960K, 100% used [0x00000000eaf80000,0x00000000f5480000,0x00000000f5480000)
  from space 21504K, 99% used [0x00000000f5480000,0x00000000f697e500,0x00000000f6980000)
  to   space 15360K, 0% used [0x00000000f6980000,0x00000000f6980000,0x00000000f7880000)
 ParOldGen       total 82944K, used 43637K [0x00000000c0e00000, 0x00000000c5f00000, 0x00000000eaf80000)
  object space 82944K, 52% used [0x00000000c0e00000,0x00000000c389d768,0x00000000c5f00000)
 Metaspace       used 24261K, capacity 24794K, committed 25136K, reserved 1071104K
  class space    used 2833K, capacity 3003K, committed 3120K, reserved 1048576K
Event: 16.159 GC heap after
Heap after GC invocations=14 (full 2):
 PSYoungGen      total 184320K, used 15340K [0x00000000eaf80000, 0x00000000f8b00000, 0x0000000100000000)
  eden space 168960K, 0% used [0x00000000eaf80000,0x00000000eaf80000,0x00000000f5480000)
  from space 15360K, 99% used [0x00000000f6980000,0x00000000f787b378,0x00000000f7880000)
  to   space 21504K, 0% used [0x00000000f5480000,0x00000000f5480000,0x00000000f6980000)
 ParOldGen       total 82944K, used 56187K [0x00000000c0e00000, 0x00000000c5f00000, 0x00000000eaf80000)
  object space 82944K, 67% used [0x00000000c0e00000,0x00000000c44dec08,0x00000000c5f00000)
 Metaspace       used 24261K, capacity 24794K, committed 25136K, reserved 1071104K
  class space    used 2833K, capacity 3003K, committed 3120K, reserved 1048576K
}

